Aug 25 06:23:51.226 INFO: manager: 2.0.1
Aug 25 06:23:51.226 INFO: manager: Copyright (C) 2003-2022, Noriaki Ando and OpenRTM development team,
Aug 25 06:23:51.226 INFO: manager:   Intelligent Systems Research Institute, AIST,
Aug 25 06:23:51.226 INFO: manager: Copyright (C) 2022, Noriaki Ando and OpenRTM development team,
Aug 25 06:23:51.226 INFO: manager:   Industrial Cyber-Physical Research Center, AIST,
Aug 25 06:23:51.226 INFO: manager:   All right reserved.
Aug 25 06:23:51.226 INFO: manager: Manager starting.
Aug 25 06:23:51.226 INFO: manager: Starting local logging.
Aug 25 06:23:51.233 WARNING: NamingOnCorba: No endpoint for the CORBA naming service (localhost) was found.
Aug 25 06:23:51.233 INFO: NamingManager: NameServer connection succeeded: corba/localhost
Aug 25 06:23:51.233 INFO: ManagerServant: Named manager reference (INS) was successfully created.
Aug 25 06:23:51.234 WARNING: ManagerServant: Master manager not found
Aug 25 06:23:51.235 INFO: LocalServiceAdmin: All the local services are enabled.
Aug 25 06:23:51.235 INFO: ec_base: setRate(1000000.000000) done
Aug 25 06:23:51.235 INFO: ec_base: setRate(1000.000000) done
Aug 25 06:23:51.235 INFO: ManagerModule0: 1 execution context was created.
Aug 25 06:23:51.237 INFO: ManagerModule0: Initial active configuration set is default.
Aug 25 06:24:01.249 INFO: ManagerServant: Master manager not found
Aug 25 06:24:11.260 INFO: ManagerServant: Master manager not found
Aug 25 06:24:21.270 INFO: ManagerServant: Master manager not found
Aug 25 06:24:31.281 INFO: ManagerServant: Master manager not found
Aug 25 06:24:41.292 INFO: ManagerServant: Master manager not found
Aug 25 06:24:51.302 INFO: ManagerServant: Master manager not found
Aug 25 06:25:01.313 INFO: ManagerServant: Master manager not found
Aug 25 06:25:11.323 INFO: ManagerServant: Master manager not found
Aug 25 06:25:21.332 INFO: ManagerServant: Master manager not found
Aug 25 06:25:31.342 INFO: ManagerServant: Master manager not found
Aug 25 06:25:41.349 INFO: ManagerServant: Master manager not found
Aug 25 06:25:51.358 INFO: ManagerServant: Master manager not found
Aug 25 06:26:01.366 INFO: ManagerServant: Master manager not found
Aug 25 06:26:11.374 INFO: ManagerServant: Master manager not found
Aug 25 06:26:21.383 INFO: ManagerServant: Master manager not found
Aug 25 06:26:31.393 INFO: ManagerServant: Master manager not found
Aug 25 06:26:41.400 INFO: ManagerServant: Master manager not found
Aug 25 06:26:51.410 INFO: ManagerServant: Master manager not found
