Aug 25 05:27:39.057 INFO: manager: 2.0.1
Aug 25 05:27:39.057 INFO: manager: Copyright (C) 2003-2022, Noriaki Ando and OpenRTM development team,
Aug 25 05:27:39.057 INFO: manager:   Intelligent Systems Research Institute, AIST,
Aug 25 05:27:39.057 INFO: manager: Copyright (C) 2022, Noriaki Ando and OpenRTM development team,
Aug 25 05:27:39.057 INFO: manager:   Industrial Cyber-Physical Research Center, AIST,
Aug 25 05:27:39.057 INFO: manager:   All right reserved.
Aug 25 05:27:39.057 INFO: manager: Manager starting.
Aug 25 05:27:39.057 INFO: manager: Starting local logging.
Aug 25 05:27:39.063 WARNING: NamingOnCorba: No endpoint for the CORBA naming service (localhost) was found.
Aug 25 05:27:39.063 INFO: NamingManager: NameServer connection succeeded: corba/localhost
Aug 25 05:27:39.063 INFO: ManagerServant: Named manager reference (INS) was successfully created.
Aug 25 05:27:39.064 WARNING: ManagerServant: Master manager not found
Aug 25 05:27:39.065 INFO: LocalServiceAdmin: All the local services are enabled.
Aug 25 05:27:39.065 INFO: ec_base: setRate(1000000.000000) done
Aug 25 05:27:39.065 INFO: ec_base: setRate(1000.000000) done
Aug 25 05:27:39.065 INFO: ManagerModule0: 1 execution context was created.
Aug 25 05:27:39.067 INFO: ManagerModule0: Initial active configuration set is default.
Aug 25 05:27:49.100 INFO: ManagerServant: Master manager not found
Aug 25 05:27:59.136 INFO: ManagerServant: Master manager not found
Aug 25 05:28:09.168 INFO: ManagerServant: Master manager not found
Aug 25 05:28:19.201 INFO: ManagerServant: Master manager not found
Aug 25 05:28:29.237 INFO: ManagerServant: Master manager not found
Aug 25 05:28:39.271 INFO: ManagerServant: Master manager not found
Aug 25 05:28:49.303 INFO: ManagerServant: Master manager not found
Aug 25 05:28:59.330 INFO: ManagerServant: Master manager not found
Aug 25 05:29:09.349 INFO: ManagerServant: Master manager not found
