Aug 25 05:41:44.584 INFO: manager: 2.0.1
Aug 25 05:41:44.584 INFO: manager: Copyright (C) 2003-2022, Noriaki Ando and OpenRTM development team,
Aug 25 05:41:44.584 INFO: manager:   Intelligent Systems Research Institute, AIST,
Aug 25 05:41:44.584 INFO: manager: Copyright (C) 2022, Noriaki Ando and OpenRTM development team,
Aug 25 05:41:44.584 INFO: manager:   Industrial Cyber-Physical Research Center, AIST,
Aug 25 05:41:44.584 INFO: manager:   All right reserved.
Aug 25 05:41:44.584 INFO: manager: Manager starting.
Aug 25 05:41:44.584 INFO: manager: Starting local logging.
Aug 25 05:41:44.596 WARNING: NamingOnCorba: No endpoint for the CORBA naming service (localhost) was found.
Aug 25 05:41:44.596 INFO: NamingManager: NameServer connection succeeded: corba/localhost
Aug 25 05:41:44.597 INFO: ManagerServant: Named manager reference (INS) was successfully created.
Aug 25 05:41:44.598 WARNING: ManagerServant: Master manager not found
Aug 25 05:41:44.600 INFO: LocalServiceAdmin: All the local services are enabled.
Aug 25 05:41:44.600 INFO: ec_base: setRate(1000000.000000) done
Aug 25 05:41:44.600 INFO: ec_base: setRate(1000.000000) done
Aug 25 05:41:44.601 INFO: ManagerModule0: 1 execution context was created.
Aug 25 05:41:44.602 INFO: ManagerModule0: Initial active configuration set is default.
Aug 25 05:41:54.635 INFO: ManagerServant: Master manager not found
Aug 25 05:42:04.667 INFO: ManagerServant: Master manager not found
Aug 25 05:42:14.699 INFO: ManagerServant: Master manager not found
Aug 25 05:42:24.718 INFO: ManagerServant: Master manager not found
Aug 25 05:42:34.741 INFO: ManagerServant: Master manager not found
Aug 25 05:42:44.763 INFO: ManagerServant: Master manager not found
Aug 25 05:42:54.784 INFO: ManagerServant: Master manager not found
Aug 25 05:43:04.809 INFO: ManagerServant: Master manager not found
Aug 25 05:43:14.829 INFO: ManagerServant: Master manager not found
Aug 25 05:43:24.849 INFO: ManagerServant: Master manager not found
Aug 25 05:43:34.872 INFO: ManagerServant: Master manager not found
Aug 25 05:43:44.892 INFO: ManagerServant: Master manager not found
Aug 25 05:43:54.915 INFO: ManagerServant: Master manager not found
Aug 25 05:44:04.937 INFO: ManagerServant: Master manager not found
Aug 25 05:44:14.959 INFO: ManagerServant: Master manager not found
Aug 25 05:44:24.975 INFO: ManagerServant: Master manager not found
Aug 25 05:44:34.990 INFO: ManagerServant: Master manager not found
Aug 25 05:44:45.004 INFO: ManagerServant: Master manager not found
Aug 25 05:44:55.017 INFO: ManagerServant: Master manager not found
Aug 25 05:45:05.031 INFO: ManagerServant: Master manager not found
Aug 25 05:45:15.046 INFO: ManagerServant: Master manager not found
Aug 25 05:45:25.060 INFO: ManagerServant: Master manager not found
Aug 25 05:45:35.073 INFO: ManagerServant: Master manager not found
Aug 25 05:45:45.089 INFO: ManagerServant: Master manager not found
Aug 25 05:45:55.103 INFO: ManagerServant: Master manager not found
Aug 25 05:46:05.117 INFO: ManagerServant: Master manager not found
Aug 25 05:46:15.132 INFO: ManagerServant: Master manager not found
Aug 25 05:46:16.058 ERROR: ec_worker: State of the RTC is not INACTIVE_STATE.
Aug 25 05:46:22.994 ERROR: ec_worker: State of the RTC is not ACTIVE_STATE.
Aug 25 05:46:25.147 INFO: ManagerServant: Master manager not found
Aug 25 05:46:28.915 ERROR: ec_worker: State of the RTC is not INACTIVE_STATE.
Aug 25 05:46:35.163 INFO: ManagerServant: Master manager not found
