Aug 25 05:35:02.607 INFO: manager: 2.0.1
Aug 25 05:35:02.607 INFO: manager: Copyright (C) 2003-2022, Noriaki Ando and OpenRTM development team,
Aug 25 05:35:02.607 INFO: manager:   Intelligent Systems Research Institute, AIST,
Aug 25 05:35:02.607 INFO: manager: Copyright (C) 2022, Noriaki Ando and OpenRTM development team,
Aug 25 05:35:02.607 INFO: manager:   Industrial Cyber-Physical Research Center, AIST,
Aug 25 05:35:02.607 INFO: manager:   All right reserved.
Aug 25 05:35:02.607 INFO: manager: Manager starting.
Aug 25 05:35:02.607 INFO: manager: Starting local logging.
Aug 25 05:35:02.620 WARNING: NamingOnCorba: No endpoint for the CORBA naming service (localhost) was found.
Aug 25 05:35:02.620 INFO: NamingManager: NameServer connection succeeded: corba/localhost
Aug 25 05:35:02.621 INFO: ManagerServant: Named manager reference (INS) was successfully created.
Aug 25 05:35:02.621 WARNING: ManagerServant: Master manager not found
Aug 25 05:35:02.623 INFO: LocalServiceAdmin: All the local services are enabled.
Aug 25 05:35:02.624 INFO: ec_base: setRate(1000000.000000) done
Aug 25 05:35:02.624 INFO: ec_base: setRate(1000.000000) done
Aug 25 05:35:02.624 INFO: ManagerModule0: 1 execution context was created.
Aug 25 05:35:02.626 INFO: ManagerModule0: Initial active configuration set is default.
Aug 25 05:35:12.660 INFO: ManagerServant: Master manager not found
Aug 25 05:35:22.685 INFO: ManagerServant: Master manager not found
Aug 25 05:35:32.717 INFO: ManagerServant: Master manager not found
Aug 25 05:35:42.748 INFO: ManagerServant: Master manager not found
Aug 25 05:35:52.777 INFO: ManagerServant: Master manager not found
Aug 25 05:36:02.811 INFO: ManagerServant: Master manager not found
Aug 25 05:36:12.846 INFO: ManagerServant: Master manager not found
Aug 25 05:36:22.874 INFO: ManagerServant: Master manager not found
Aug 25 05:36:32.906 INFO: ManagerServant: Master manager not found
Aug 25 05:36:42.936 INFO: ManagerServant: Master manager not found
Aug 25 05:36:52.966 INFO: ManagerServant: Master manager not found
Aug 25 05:37:02.997 INFO: ManagerServant: Master manager not found
Aug 25 05:37:13.026 INFO: ManagerServant: Master manager not found
Aug 25 05:37:23.056 INFO: ManagerServant: Master manager not found
Aug 25 05:37:33.087 INFO: ManagerServant: Master manager not found
Aug 25 05:37:43.116 INFO: ManagerServant: Master manager not found
Aug 25 05:37:53.146 INFO: ManagerServant: Master manager not found
Aug 25 05:38:03.175 INFO: ManagerServant: Master manager not found
Aug 25 05:38:13.203 INFO: ManagerServant: Master manager not found
Aug 25 05:38:23.230 INFO: ManagerServant: Master manager not found
Aug 25 05:38:33.263 INFO: ManagerServant: Master manager not found
Aug 25 05:38:43.291 INFO: ManagerServant: Master manager not found
Aug 25 05:38:53.322 INFO: ManagerServant: Master manager not found
Aug 25 05:39:03.351 INFO: ManagerServant: Master manager not found
Aug 25 05:39:13.384 INFO: ManagerServant: Master manager not found
Aug 25 05:39:23.413 INFO: ManagerServant: Master manager not found
Aug 25 05:39:33.445 INFO: ManagerServant: Master manager not found
Aug 25 05:39:43.472 INFO: ManagerServant: Master manager not found
Aug 25 05:39:53.499 INFO: ManagerServant: Master manager not found
Aug 25 05:40:03.529 INFO: ManagerServant: Master manager not found
Aug 25 05:40:07.666 WARNING: image_in: Dead connection: 92f78aca-300a-4682-8a41-7282c6945914
Aug 25 05:40:07.782 WARNING: image_in: Exception caught: minor code(1096024066).
Aug 25 05:40:13.549 INFO: ManagerServant: Master manager not found
Aug 25 05:40:23.563 INFO: ManagerServant: Master manager not found
Aug 25 05:40:33.580 INFO: ManagerServant: Master manager not found
Aug 25 05:40:43.597 INFO: ManagerServant: Master manager not found
Aug 25 05:40:53.614 INFO: ManagerServant: Master manager not found
