2023-08-23 16:54:11,235 file.manager INFO 2.0.1
2023-08-23 16:54:11,235 file.manager INFO Copyright (C) 2003-2022, Noriaki Ando and OpenRTM development team,
2023-08-23 16:54:11,236 file.manager INFO   Intelligent Systems Research Institute, AIST,
2023-08-23 16:54:11,236 file.manager INFO Copyright (C) 2022, Noriaki Ando and OpenRTM development team,
2023-08-23 16:54:11,236 file.manager INFO   Industrial Cyber-Physical Research Center, AIST,
2023-08-23 16:54:11,236 file.manager INFO   All right reserved.
2023-08-23 16:54:11,236 file.manager INFO Manager starting.
2023-08-23 16:54:11,236 file.manager INFO Starting local logging.
2023-08-23 16:54:11,238 file.manager.namingmanager INFO NameServer connection succeeded: corba/localhost
2023-08-23 16:54:11,245 file.ManagerServant INFO Master manager not found
2023-08-23 16:54:11,248 file.LocalServiceAdmin INFO All the local services are enabled.
2023-08-23 16:54:11,253 file.manager INFO Component type conf file: GUIaruco.conf loaded.
2023-08-23 16:54:11,254 file.ec_base INFO setRate(1000000.000000) done
2023-08-23 16:54:11,255 file.ec_base INFO setRate(1000.000000) done
2023-08-23 16:54:11,255 file.rtobject INFO 1 execution context was created.
2023-08-23 16:54:11,258 file.rtobject INFO Initial active configuration set is default.
2023-08-23 16:54:21,305 file.ManagerServant INFO Master manager not found
2023-08-23 16:54:31,352 file.ManagerServant INFO Master manager not found
2023-08-23 16:54:41,399 file.ManagerServant INFO Master manager not found
2023-08-23 16:54:51,444 file.ManagerServant INFO Master manager not found
2023-08-23 16:55:01,491 file.ManagerServant INFO Master manager not found
2023-08-23 16:55:11,534 file.ManagerServant INFO Master manager not found
2023-08-23 16:55:17,068 file.SdoServiceAdmin WARNING No available SDO service in the factory: 
2023-08-23 16:55:17,069 file.SdoServiceAdmin ERROR type  not exists.
2023-08-23 16:55:21,573 file.ManagerServant INFO Master manager not found
2023-08-23 16:55:31,609 file.ManagerServant INFO Master manager not found
