2023-08-23 17:05:36,850 file.manager INFO 2.0.1
2023-08-23 17:05:36,850 file.manager INFO Copyright (C) 2003-2022, Noriaki Ando and OpenRTM development team,
2023-08-23 17:05:36,850 file.manager INFO   Intelligent Systems Research Institute, AIST,
2023-08-23 17:05:36,850 file.manager INFO Copyright (C) 2022, Noriaki Ando and OpenRTM development team,
2023-08-23 17:05:36,850 file.manager INFO   Industrial Cyber-Physical Research Center, AIST,
2023-08-23 17:05:36,850 file.manager INFO   All right reserved.
2023-08-23 17:05:36,850 file.manager INFO Manager starting.
2023-08-23 17:05:36,850 file.manager INFO Starting local logging.
2023-08-23 17:05:36,853 file.manager.namingmanager INFO NameServer connection succeeded: corba/localhost
2023-08-23 17:05:36,860 file.ManagerServant INFO Master manager not found
2023-08-23 17:05:36,862 file.LocalServiceAdmin INFO All the local services are enabled.
2023-08-23 17:05:36,869 file.manager INFO Component type conf file: GUIaruco.conf loaded.
2023-08-23 17:05:36,872 file.ec_base INFO setRate(1000000.000000) done
2023-08-23 17:05:36,872 file.ec_base INFO setRate(1000.000000) done
2023-08-23 17:05:36,873 file.rtobject INFO 1 execution context was created.
2023-08-23 17:05:36,876 file.rtobject INFO Initial active configuration set is default.
2023-08-23 17:05:46,917 file.ManagerServant INFO Master manager not found
2023-08-23 17:05:51,639 file.SdoServiceAdmin WARNING No available SDO service in the factory: 
2023-08-23 17:05:51,639 file.SdoServiceAdmin ERROR type  not exists.
2023-08-23 17:05:56,955 file.ManagerServant INFO Master manager not found
2023-08-23 17:06:06,988 file.ManagerServant INFO Master manager not found
