2023-08-23 17:01:00,242 file.manager INFO 2.0.1
2023-08-23 17:01:00,242 file.manager INFO Copyright (C) 2003-2022, Noriaki Ando and OpenRTM development team,
2023-08-23 17:01:00,242 file.manager INFO   Intelligent Systems Research Institute, AIST,
2023-08-23 17:01:00,242 file.manager INFO Copyright (C) 2022, Noriaki Ando and OpenRTM development team,
2023-08-23 17:01:00,243 file.manager INFO   Industrial Cyber-Physical Research Center, AIST,
2023-08-23 17:01:00,243 file.manager INFO   All right reserved.
2023-08-23 17:01:00,243 file.manager INFO Manager starting.
2023-08-23 17:01:00,243 file.manager INFO Starting local logging.
2023-08-23 17:01:00,245 file.manager.namingmanager INFO NameServer connection succeeded: corba/localhost
2023-08-23 17:01:00,253 file.ManagerServant INFO Master manager not found
2023-08-23 17:01:00,255 file.LocalServiceAdmin INFO All the local services are enabled.
2023-08-23 17:01:00,261 file.manager INFO Component type conf file: GUIaruco.conf loaded.
2023-08-23 17:01:00,262 file.ec_base INFO setRate(1000000.000000) done
2023-08-23 17:01:00,263 file.ec_base INFO setRate(1000.000000) done
2023-08-23 17:01:00,263 file.rtobject INFO 1 execution context was created.
2023-08-23 17:01:00,266 file.rtobject INFO Initial active configuration set is default.
2023-08-23 17:01:10,311 file.ManagerServant INFO Master manager not found
2023-08-23 17:01:16,053 file.SdoServiceAdmin WARNING No available SDO service in the factory: 
2023-08-23 17:01:16,053 file.SdoServiceAdmin ERROR type  not exists.
2023-08-23 17:01:20,349 file.ManagerServant INFO Master manager not found
2023-08-23 17:01:30,386 file.ManagerServant INFO Master manager not found
2023-08-23 17:01:40,424 file.ManagerServant INFO Master manager not found
2023-08-23 17:01:50,464 file.ManagerServant INFO Master manager not found
2023-08-23 17:02:00,502 file.ManagerServant INFO Master manager not found
