2023-08-23 16:46:48,466 file.manager INFO 2.0.1
2023-08-23 16:46:48,467 file.manager INFO Copyright (C) 2003-2022, Noriaki Ando and OpenRTM development team,
2023-08-23 16:46:48,467 file.manager INFO   Intelligent Systems Research Institute, AIST,
2023-08-23 16:46:48,467 file.manager INFO Copyright (C) 2022, Noriaki Ando and OpenRTM development team,
2023-08-23 16:46:48,467 file.manager INFO   Industrial Cyber-Physical Research Center, AIST,
2023-08-23 16:46:48,467 file.manager INFO   All right reserved.
2023-08-23 16:46:48,467 file.manager INFO Manager starting.
2023-08-23 16:46:48,467 file.manager INFO Starting local logging.
2023-08-23 16:46:48,470 file.manager.namingmanager INFO NameServer connection succeeded: corba/localhost
2023-08-23 16:46:48,477 file.ManagerServant INFO Master manager not found
2023-08-23 16:46:48,480 file.LocalServiceAdmin INFO All the local services are enabled.
2023-08-23 16:46:48,486 file.manager INFO Component type conf file: GUIaruco.conf loaded.
2023-08-23 16:46:48,489 file.ec_base INFO setRate(1000000.000000) done
2023-08-23 16:46:48,489 file.ec_base INFO setRate(1000.000000) done
2023-08-23 16:46:48,490 file.rtobject INFO 1 execution context was created.
2023-08-23 16:46:48,493 file.rtobject INFO Initial active configuration set is default.
2023-08-23 16:46:58,538 file.ManagerServant INFO Master manager not found
2023-08-23 16:47:08,577 file.ManagerServant INFO Master manager not found
2023-08-23 16:47:09,647 file.SdoServiceAdmin WARNING No available SDO service in the factory: 
2023-08-23 16:47:09,647 file.SdoServiceAdmin ERROR type  not exists.
2023-08-23 16:47:18,616 file.ManagerServant INFO Master manager not found
2023-08-23 16:47:28,653 file.ManagerServant INFO Master manager not found
2023-08-23 16:47:38,691 file.ManagerServant INFO Master manager not found
