2023-08-24 11:57:28,943 file.manager INFO 2.0.1
2023-08-24 11:57:28,943 file.manager INFO Copyright (C) 2003-2022, Noriaki Ando and OpenRTM development team,
2023-08-24 11:57:28,943 file.manager INFO   Intelligent Systems Research Institute, AIST,
2023-08-24 11:57:28,943 file.manager INFO Copyright (C) 2022, Noriaki Ando and OpenRTM development team,
2023-08-24 11:57:28,943 file.manager INFO   Industrial Cyber-Physical Research Center, AIST,
2023-08-24 11:57:28,943 file.manager INFO   All right reserved.
2023-08-24 11:57:28,943 file.manager INFO Manager starting.
2023-08-24 11:57:28,943 file.manager INFO Starting local logging.
2023-08-24 11:57:28,945 file.manager.namingmanager INFO NameServer connection succeeded: corba/localhost
2023-08-24 11:57:28,949 file.ManagerServant INFO Master manager not found
2023-08-24 11:57:28,950 file.LocalServiceAdmin INFO All the local services are enabled.
2023-08-24 11:57:28,954 file.manager INFO Component type conf file: myCobotAruco.conf loaded.
2023-08-24 11:57:28,955 file.ec_base INFO setRate(1000000.000000) done
2023-08-24 11:57:28,955 file.ec_base INFO setRate(1000.000000) done
2023-08-24 11:57:28,956 file.rtobject INFO 1 execution context was created.
2023-08-24 11:57:28,958 file.rtobject INFO Initial active configuration set is default.
2023-08-24 11:57:39,005 file.ManagerServant INFO Master manager not found
2023-08-24 11:57:49,053 file.ManagerServant INFO Master manager not found
2023-08-24 11:57:59,099 file.ManagerServant INFO Master manager not found
2023-08-24 11:58:09,139 file.ManagerServant INFO Master manager not found
2023-08-24 11:58:19,178 file.ManagerServant INFO Master manager not found
2023-08-24 11:58:20,241 file.SdoServiceAdmin WARNING No available SDO service in the factory: 
2023-08-24 11:58:20,241 file.SdoServiceAdmin ERROR type  not exists.
2023-08-24 11:58:29,218 file.ManagerServant INFO Master manager not found
2023-08-24 11:58:39,257 file.ManagerServant INFO Master manager not found
2023-08-24 11:58:45,149 file.rtobject ERROR Traceback (most recent call last):
  File "/usr/lib/python3/dist-packages/OpenRTM_aist/DataFlowComponentBase.py", line 123, in on_execute
    ret = self.onExecute(ec_id)
  File "myCobotAruco.py", line 208, in onExecute
    middle.moveLinearCartesianAbs(JARA_ARM.CarPosWithElbow([[1, 0, 0, self._d_poseIn.data.position.x], [0, 1, 0, self._d_poseIn.data.position.y], [0, 0, 1, self._d_poseIn.data.position.z]], 0,  0))
AttributeError: 'TimedPose3D' object has no attribute 'position'

2023-08-24 11:58:49,293 file.ManagerServant INFO Master manager not found
2023-08-24 11:58:59,333 file.ManagerServant INFO Master manager not found
2023-08-24 11:59:09,366 file.ManagerServant INFO Master manager not found
2023-08-24 11:59:19,402 file.ManagerServant INFO Master manager not found
2023-08-24 11:59:29,437 file.ManagerServant INFO Master manager not found
2023-08-24 11:59:39,472 file.ManagerServant INFO Master manager not found
2023-08-24 11:59:49,505 file.ManagerServant INFO Master manager not found
2023-08-24 11:59:59,539 file.ManagerServant INFO Master manager not found
2023-08-24 12:00:09,570 file.ManagerServant INFO Master manager not found
2023-08-24 12:00:19,606 file.ManagerServant INFO Master manager not found
2023-08-24 12:00:29,640 file.ManagerServant INFO Master manager not found
2023-08-24 12:00:39,675 file.ManagerServant INFO Master manager not found
2023-08-24 12:00:49,709 file.ManagerServant INFO Master manager not found
2023-08-24 12:00:59,746 file.ManagerServant INFO Master manager not found
2023-08-24 12:01:09,777 file.ManagerServant INFO Master manager not found
2023-08-24 12:01:19,811 file.ManagerServant INFO Master manager not found
2023-08-24 12:01:29,852 file.ManagerServant INFO Master manager not found
2023-08-24 12:01:39,887 file.ManagerServant INFO Master manager not found
2023-08-24 12:01:49,921 file.ManagerServant INFO Master manager not found
2023-08-24 12:01:59,955 file.ManagerServant INFO Master manager not found
2023-08-24 12:02:09,989 file.ManagerServant INFO Master manager not found
2023-08-24 12:02:20,023 file.ManagerServant INFO Master manager not found
2023-08-24 12:02:30,059 file.ManagerServant INFO Master manager not found
2023-08-24 12:02:40,098 file.ManagerServant INFO Master manager not found
2023-08-24 12:02:50,132 file.ManagerServant INFO Master manager not found
2023-08-24 12:03:00,166 file.ManagerServant INFO Master manager not found
2023-08-24 12:03:10,200 file.ManagerServant INFO Master manager not found
2023-08-24 12:03:20,233 file.ManagerServant INFO Master manager not found
2023-08-24 12:03:30,267 file.ManagerServant INFO Master manager not found
2023-08-24 12:03:40,300 file.ManagerServant INFO Master manager not found
2023-08-24 12:03:50,337 file.ManagerServant INFO Master manager not found
2023-08-24 12:04:00,370 file.ManagerServant INFO Master manager not found
2023-08-24 12:04:10,406 file.ManagerServant INFO Master manager not found
2023-08-24 12:04:20,439 file.ManagerServant INFO Master manager not found
2023-08-24 12:04:30,473 file.ManagerServant INFO Master manager not found
2023-08-24 12:04:40,508 file.ManagerServant INFO Master manager not found
2023-08-24 12:04:50,540 file.ManagerServant INFO Master manager not found
2023-08-24 12:05:00,577 file.ManagerServant INFO Master manager not found
2023-08-24 12:05:10,607 file.ManagerServant INFO Master manager not found
2023-08-24 12:05:20,638 file.ManagerServant INFO Master manager not found
2023-08-24 12:05:30,670 file.ManagerServant INFO Master manager not found
2023-08-24 12:05:40,704 file.ManagerServant INFO Master manager not found
2023-08-24 12:05:50,736 file.ManagerServant INFO Master manager not found
2023-08-24 12:06:00,770 file.ManagerServant INFO Master manager not found
2023-08-24 12:06:10,803 file.ManagerServant INFO Master manager not found
2023-08-24 12:06:20,842 file.ManagerServant INFO Master manager not found
2023-08-24 12:06:30,876 file.ManagerServant INFO Master manager not found
2023-08-24 12:06:40,913 file.ManagerServant INFO Master manager not found
2023-08-24 12:06:50,947 file.ManagerServant INFO Master manager not found
2023-08-24 12:07:00,984 file.ManagerServant INFO Master manager not found
2023-08-24 12:07:11,022 file.ManagerServant INFO Master manager not found
2023-08-24 12:07:21,056 file.ManagerServant INFO Master manager not found
2023-08-24 12:07:31,095 file.ManagerServant INFO Master manager not found
2023-08-24 12:07:41,129 file.ManagerServant INFO Master manager not found
2023-08-24 12:07:51,162 file.ManagerServant INFO Master manager not found
2023-08-24 12:08:01,198 file.ManagerServant INFO Master manager not found
2023-08-24 12:08:11,231 file.ManagerServant INFO Master manager not found
2023-08-24 12:08:21,266 file.ManagerServant INFO Master manager not found
2023-08-24 12:08:31,299 file.ManagerServant INFO Master manager not found
2023-08-24 12:08:41,332 file.ManagerServant INFO Master manager not found
2023-08-24 12:08:51,367 file.ManagerServant INFO Master manager not found
2023-08-24 12:09:01,398 file.ManagerServant INFO Master manager not found
2023-08-24 12:09:11,434 file.ManagerServant INFO Master manager not found
2023-08-24 12:09:21,471 file.ManagerServant INFO Master manager not found
2023-08-24 12:09:31,505 file.ManagerServant INFO Master manager not found
2023-08-24 12:09:41,540 file.ManagerServant INFO Master manager not found
2023-08-24 12:09:51,574 file.ManagerServant INFO Master manager not found
2023-08-24 12:10:01,608 file.ManagerServant INFO Master manager not found
2023-08-24 12:10:11,643 file.ManagerServant INFO Master manager not found
2023-08-24 12:10:21,673 file.ManagerServant INFO Master manager not found
2023-08-24 12:10:31,708 file.ManagerServant INFO Master manager not found
2023-08-24 12:10:41,746 file.ManagerServant INFO Master manager not found
2023-08-24 12:10:51,782 file.ManagerServant INFO Master manager not found
2023-08-24 12:11:01,817 file.ManagerServant INFO Master manager not found
2023-08-24 12:11:11,850 file.ManagerServant INFO Master manager not found
2023-08-24 12:11:21,888 file.ManagerServant INFO Master manager not found
2023-08-24 12:11:31,922 file.ManagerServant INFO Master manager not found
2023-08-24 12:11:41,959 file.ManagerServant INFO Master manager not found
2023-08-24 12:11:52,002 file.ManagerServant INFO Master manager not found
2023-08-24 12:12:02,037 file.ManagerServant INFO Master manager not found
2023-08-24 12:12:12,072 file.ManagerServant INFO Master manager not found
2023-08-24 12:12:22,107 file.ManagerServant INFO Master manager not found
2023-08-24 12:12:32,141 file.ManagerServant INFO Master manager not found
2023-08-24 12:12:42,174 file.ManagerServant INFO Master manager not found
2023-08-24 12:12:52,209 file.ManagerServant INFO Master manager not found
2023-08-24 12:13:02,243 file.ManagerServant INFO Master manager not found
2023-08-24 12:13:12,276 file.ManagerServant INFO Master manager not found
2023-08-24 12:13:22,311 file.ManagerServant INFO Master manager not found
2023-08-24 12:13:32,343 file.ManagerServant INFO Master manager not found
2023-08-24 12:13:42,376 file.ManagerServant INFO Master manager not found
2023-08-24 12:13:52,409 file.ManagerServant INFO Master manager not found
2023-08-24 12:14:02,444 file.ManagerServant INFO Master manager not found
2023-08-24 12:14:12,481 file.ManagerServant INFO Master manager not found
2023-08-24 12:14:22,514 file.ManagerServant INFO Master manager not found
2023-08-24 12:14:32,548 file.ManagerServant INFO Master manager not found
2023-08-24 12:14:42,589 file.ManagerServant INFO Master manager not found
2023-08-24 12:14:52,623 file.ManagerServant INFO Master manager not found
2023-08-24 12:15:02,670 file.ManagerServant INFO Master manager not found
2023-08-24 12:15:12,704 file.ManagerServant INFO Master manager not found
2023-08-24 12:15:22,738 file.ManagerServant INFO Master manager not found
2023-08-24 12:15:32,774 file.ManagerServant INFO Master manager not found
2023-08-24 12:15:42,808 file.ManagerServant INFO Master manager not found
2023-08-24 12:15:52,842 file.ManagerServant INFO Master manager not found
2023-08-24 12:16:02,878 file.ManagerServant INFO Master manager not found
2023-08-24 12:16:12,912 file.ManagerServant INFO Master manager not found
2023-08-24 12:16:22,946 file.ManagerServant INFO Master manager not found
2023-08-24 12:16:32,981 file.ManagerServant INFO Master manager not found
2023-08-24 12:16:43,018 file.ManagerServant INFO Master manager not found
2023-08-24 12:16:53,052 file.ManagerServant INFO Master manager not found
2023-08-24 12:17:03,088 file.ManagerServant INFO Master manager not found
2023-08-24 12:17:13,122 file.ManagerServant INFO Master manager not found
2023-08-24 12:17:23,157 file.ManagerServant INFO Master manager not found
2023-08-24 12:17:33,191 file.ManagerServant INFO Master manager not found
2023-08-24 12:17:43,226 file.ManagerServant INFO Master manager not found
2023-08-24 12:17:53,259 file.ManagerServant INFO Master manager not found
2023-08-24 12:18:03,294 file.ManagerServant INFO Master manager not found
2023-08-24 12:18:13,328 file.ManagerServant INFO Master manager not found
2023-08-24 12:18:23,366 file.ManagerServant INFO Master manager not found
2023-08-24 12:18:33,404 file.ManagerServant INFO Master manager not found
2023-08-24 12:18:43,435 file.ManagerServant INFO Master manager not found
2023-08-24 12:18:53,467 file.ManagerServant INFO Master manager not found
2023-08-24 12:19:03,503 file.ManagerServant INFO Master manager not found
2023-08-24 12:19:13,535 file.ManagerServant INFO Master manager not found
2023-08-24 12:19:23,569 file.ManagerServant INFO Master manager not found
2023-08-24 12:19:33,603 file.ManagerServant INFO Master manager not found
2023-08-24 12:19:43,637 file.ManagerServant INFO Master manager not found
2023-08-24 12:19:53,671 file.ManagerServant INFO Master manager not found
2023-08-24 12:20:03,706 file.ManagerServant INFO Master manager not found
2023-08-24 12:20:13,741 file.ManagerServant INFO Master manager not found
2023-08-24 12:20:23,776 file.ManagerServant INFO Master manager not found
2023-08-24 12:20:33,814 file.ManagerServant INFO Master manager not found
2023-08-24 12:20:43,852 file.ManagerServant INFO Master manager not found
2023-08-24 12:20:53,886 file.ManagerServant INFO Master manager not found
2023-08-24 12:21:03,920 file.ManagerServant INFO Master manager not found
2023-08-24 12:21:13,955 file.ManagerServant INFO Master manager not found
2023-08-24 12:21:23,990 file.ManagerServant INFO Master manager not found
2023-08-24 12:21:34,025 file.ManagerServant INFO Master manager not found
2023-08-24 12:21:44,063 file.ManagerServant INFO Master manager not found
2023-08-24 12:21:54,098 file.ManagerServant INFO Master manager not found
2023-08-24 12:22:04,132 file.ManagerServant INFO Master manager not found
2023-08-24 12:22:14,166 file.ManagerServant INFO Master manager not found
2023-08-24 12:22:24,202 file.ManagerServant INFO Master manager not found
2023-08-24 12:22:34,236 file.ManagerServant INFO Master manager not found
2023-08-24 12:22:44,273 file.ManagerServant INFO Master manager not found
2023-08-24 12:22:54,306 file.ManagerServant INFO Master manager not found
2023-08-24 12:23:04,341 file.ManagerServant INFO Master manager not found
2023-08-24 12:23:14,373 file.ManagerServant INFO Master manager not found
2023-08-24 12:23:24,407 file.ManagerServant INFO Master manager not found
2023-08-24 12:23:34,442 file.ManagerServant INFO Master manager not found
2023-08-24 12:23:44,478 file.ManagerServant INFO Master manager not found
2023-08-24 12:23:54,518 file.ManagerServant INFO Master manager not found
2023-08-24 12:24:04,554 file.ManagerServant INFO Master manager not found
2023-08-24 12:24:14,587 file.ManagerServant INFO Master manager not found
2023-08-24 12:24:24,623 file.ManagerServant INFO Master manager not found
2023-08-24 12:24:34,657 file.ManagerServant INFO Master manager not found
2023-08-24 12:24:44,692 file.ManagerServant INFO Master manager not found
2023-08-24 12:24:54,728 file.ManagerServant INFO Master manager not found
2023-08-24 12:25:04,763 file.ManagerServant INFO Master manager not found
2023-08-24 12:25:14,799 file.ManagerServant INFO Master manager not found
2023-08-24 12:25:24,833 file.ManagerServant INFO Master manager not found
2023-08-24 12:25:34,870 file.ManagerServant INFO Master manager not found
2023-08-24 12:25:44,903 file.ManagerServant INFO Master manager not found
2023-08-24 12:25:54,938 file.ManagerServant INFO Master manager not found
2023-08-24 12:26:04,973 file.ManagerServant INFO Master manager not found
2023-08-24 12:26:15,007 file.ManagerServant INFO Master manager not found
2023-08-24 12:26:25,041 file.ManagerServant INFO Master manager not found
2023-08-24 12:26:35,073 file.ManagerServant INFO Master manager not found
2023-08-24 12:26:45,109 file.ManagerServant INFO Master manager not found
2023-08-24 12:26:55,144 file.ManagerServant INFO Master manager not found
2023-08-24 12:27:05,178 file.ManagerServant INFO Master manager not found
2023-08-24 12:27:15,218 file.ManagerServant INFO Master manager not found
2023-08-24 12:27:25,253 file.ManagerServant INFO Master manager not found
2023-08-24 12:27:35,288 file.ManagerServant INFO Master manager not found
2023-08-24 12:27:45,321 file.ManagerServant INFO Master manager not found
2023-08-24 12:27:55,355 file.ManagerServant INFO Master manager not found
2023-08-24 12:28:05,390 file.ManagerServant INFO Master manager not found
2023-08-24 12:28:15,423 file.ManagerServant INFO Master manager not found
2023-08-24 12:28:25,456 file.ManagerServant INFO Master manager not found
2023-08-24 12:28:35,493 file.ManagerServant INFO Master manager not found
2023-08-24 12:28:45,528 file.ManagerServant INFO Master manager not found
2023-08-24 12:28:55,564 file.ManagerServant INFO Master manager not found
2023-08-24 12:29:05,597 file.ManagerServant INFO Master manager not found
2023-08-24 12:29:15,632 file.ManagerServant INFO Master manager not found
2023-08-24 12:29:25,669 file.ManagerServant INFO Master manager not found
2023-08-24 12:29:35,705 file.ManagerServant INFO Master manager not found
2023-08-24 12:29:45,739 file.ManagerServant INFO Master manager not found
2023-08-24 12:29:55,775 file.ManagerServant INFO Master manager not found
2023-08-24 12:30:05,810 file.ManagerServant INFO Master manager not found
2023-08-24 12:30:15,845 file.ManagerServant INFO Master manager not found
2023-08-24 12:30:25,879 file.ManagerServant INFO Master manager not found
2023-08-24 12:30:35,916 file.ManagerServant INFO Master manager not found
2023-08-24 12:30:45,952 file.ManagerServant INFO Master manager not found
2023-08-24 12:30:55,987 file.ManagerServant INFO Master manager not found
2023-08-24 12:31:06,023 file.ManagerServant INFO Master manager not found
2023-08-24 12:31:16,056 file.ManagerServant INFO Master manager not found
2023-08-24 12:31:26,091 file.ManagerServant INFO Master manager not found
2023-08-24 12:31:36,126 file.ManagerServant INFO Master manager not found
2023-08-24 12:31:46,162 file.ManagerServant INFO Master manager not found
2023-08-24 12:31:56,198 file.ManagerServant INFO Master manager not found
2023-08-24 12:32:06,233 file.ManagerServant INFO Master manager not found
2023-08-24 12:32:16,265 file.ManagerServant INFO Master manager not found
2023-08-24 12:32:26,298 file.ManagerServant INFO Master manager not found
2023-08-24 12:32:36,330 file.ManagerServant INFO Master manager not found
2023-08-24 12:32:46,365 file.ManagerServant INFO Master manager not found
2023-08-24 12:32:56,397 file.ManagerServant INFO Master manager not found
2023-08-24 12:33:06,433 file.ManagerServant INFO Master manager not found
2023-08-24 12:33:16,469 file.ManagerServant INFO Master manager not found
2023-08-24 12:33:26,503 file.ManagerServant INFO Master manager not found
2023-08-24 12:33:36,536 file.ManagerServant INFO Master manager not found
2023-08-24 12:33:46,570 file.ManagerServant INFO Master manager not found
2023-08-24 12:33:56,607 file.ManagerServant INFO Master manager not found
2023-08-24 12:34:06,639 file.ManagerServant INFO Master manager not found
2023-08-24 12:34:16,676 file.ManagerServant INFO Master manager not found
2023-08-24 12:34:26,710 file.ManagerServant INFO Master manager not found
2023-08-24 12:34:36,742 file.ManagerServant INFO Master manager not found
2023-08-24 12:34:46,779 file.ManagerServant INFO Master manager not found
2023-08-24 12:34:56,814 file.ManagerServant INFO Master manager not found
2023-08-24 12:35:06,845 file.ManagerServant INFO Master manager not found
2023-08-24 12:35:16,880 file.ManagerServant INFO Master manager not found
2023-08-24 12:35:26,916 file.ManagerServant INFO Master manager not found
2023-08-24 12:35:36,951 file.ManagerServant INFO Master manager not found
2023-08-24 12:35:46,986 file.ManagerServant INFO Master manager not found
2023-08-24 12:35:57,019 file.ManagerServant INFO Master manager not found
2023-08-24 12:36:07,054 file.ManagerServant INFO Master manager not found
2023-08-24 12:36:17,088 file.ManagerServant INFO Master manager not found
2023-08-24 12:36:27,122 file.ManagerServant INFO Master manager not found
2023-08-24 12:36:37,158 file.ManagerServant INFO Master manager not found
2023-08-24 12:36:47,190 file.ManagerServant INFO Master manager not found
2023-08-24 12:36:57,225 file.ManagerServant INFO Master manager not found
2023-08-24 12:37:07,260 file.ManagerServant INFO Master manager not found
2023-08-24 12:37:17,298 file.ManagerServant INFO Master manager not found
2023-08-24 12:37:27,332 file.ManagerServant INFO Master manager not found
2023-08-24 12:37:37,366 file.ManagerServant INFO Master manager not found
2023-08-24 12:37:47,400 file.ManagerServant INFO Master manager not found
2023-08-24 12:37:57,432 file.ManagerServant INFO Master manager not found
2023-08-24 12:38:07,470 file.ManagerServant INFO Master manager not found
2023-08-24 12:38:17,505 file.ManagerServant INFO Master manager not found
2023-08-24 12:38:27,538 file.ManagerServant INFO Master manager not found
2023-08-24 12:38:37,572 file.ManagerServant INFO Master manager not found
2023-08-24 12:38:47,606 file.ManagerServant INFO Master manager not found
2023-08-24 12:38:57,642 file.ManagerServant INFO Master manager not found
2023-08-24 12:39:07,676 file.ManagerServant INFO Master manager not found
2023-08-24 12:39:17,707 file.ManagerServant INFO Master manager not found
2023-08-24 12:39:27,740 file.ManagerServant INFO Master manager not found
2023-08-24 12:39:37,775 file.ManagerServant INFO Master manager not found
2023-08-24 12:39:47,807 file.ManagerServant INFO Master manager not found
2023-08-24 12:39:57,842 file.ManagerServant INFO Master manager not found
2023-08-24 12:40:07,875 file.ManagerServant INFO Master manager not found
2023-08-24 12:40:17,909 file.ManagerServant INFO Master manager not found
2023-08-24 12:40:27,945 file.ManagerServant INFO Master manager not found
2023-08-24 12:40:37,987 file.ManagerServant INFO Master manager not found
2023-08-24 13:15:47,669 file.ManagerServant INFO Master manager not found
2023-08-24 13:15:57,727 file.ManagerServant INFO Master manager not found
2023-08-24 13:16:07,765 file.ManagerServant INFO Master manager not found
2023-08-24 13:16:17,800 file.ManagerServant INFO Master manager not found
2023-08-24 13:16:27,836 file.ManagerServant INFO Master manager not found
2023-08-24 13:16:37,870 file.ManagerServant INFO Master manager not found
2023-08-24 13:16:47,903 file.ManagerServant INFO Master manager not found
2023-08-24 13:16:57,942 file.ManagerServant INFO Master manager not found
2023-08-24 13:17:07,971 file.ManagerServant INFO Master manager not found
2023-08-24 13:17:18,003 file.ManagerServant INFO Master manager not found
2023-08-24 13:17:28,037 file.ManagerServant INFO Master manager not found
2023-08-24 13:17:38,069 file.ManagerServant INFO Master manager not found
2023-08-24 13:17:48,104 file.ManagerServant INFO Master manager not found
2023-08-24 13:17:58,135 file.ManagerServant INFO Master manager not found
2023-08-24 13:18:08,171 file.ManagerServant INFO Master manager not found
2023-08-24 13:18:18,207 file.ManagerServant INFO Master manager not found
2023-08-24 13:18:28,238 file.ManagerServant INFO Master manager not found
2023-08-24 13:18:38,279 file.ManagerServant INFO Master manager not found
2023-08-24 13:18:48,318 file.ManagerServant INFO Master manager not found
2023-08-24 13:18:58,351 file.ManagerServant INFO Master manager not found
2023-08-24 13:19:08,385 file.ManagerServant INFO Master manager not found
2023-08-24 13:19:18,419 file.ManagerServant INFO Master manager not found
2023-08-24 13:19:28,455 file.ManagerServant INFO Master manager not found
2023-08-24 13:19:38,496 file.ManagerServant INFO Master manager not found
2023-08-24 13:19:48,529 file.ManagerServant INFO Master manager not found
2023-08-24 13:19:58,564 file.ManagerServant INFO Master manager not found
2023-08-24 13:20:08,603 file.ManagerServant INFO Master manager not found
2023-08-24 13:20:18,635 file.ManagerServant INFO Master manager not found
2023-08-24 13:20:28,668 file.ManagerServant INFO Master manager not found
2023-08-24 13:20:38,701 file.ManagerServant INFO Master manager not found
2023-08-24 13:20:48,738 file.ManagerServant INFO Master manager not found
2023-08-24 13:20:58,771 file.ManagerServant INFO Master manager not found
2023-08-24 13:21:08,807 file.ManagerServant INFO Master manager not found
2023-08-24 13:21:18,847 file.ManagerServant INFO Master manager not found
2023-08-24 13:21:28,884 file.ManagerServant INFO Master manager not found
2023-08-24 13:21:38,923 file.ManagerServant INFO Master manager not found
2023-08-24 13:21:48,955 file.ManagerServant INFO Master manager not found
2023-08-24 13:21:58,991 file.ManagerServant INFO Master manager not found
2023-08-24 13:22:09,027 file.ManagerServant INFO Master manager not found
2023-08-24 13:22:19,059 file.ManagerServant INFO Master manager not found
2023-08-24 13:22:29,093 file.ManagerServant INFO Master manager not found
2023-08-24 13:22:39,126 file.ManagerServant INFO Master manager not found
2023-08-24 13:22:49,161 file.ManagerServant INFO Master manager not found
2023-08-24 13:22:59,196 file.ManagerServant INFO Master manager not found
2023-08-24 13:23:09,234 file.ManagerServant INFO Master manager not found
2023-08-24 13:23:19,268 file.ManagerServant INFO Master manager not found
2023-08-24 13:23:29,298 file.ManagerServant INFO Master manager not found
2023-08-24 13:23:39,328 file.ManagerServant INFO Master manager not found
2023-08-24 13:23:49,362 file.ManagerServant INFO Master manager not found
2023-08-24 13:23:59,396 file.ManagerServant INFO Master manager not found
2023-08-24 13:24:09,430 file.ManagerServant INFO Master manager not found
