2023-08-24 11:47:58,417 file.manager INFO 2.0.1
2023-08-24 11:47:58,417 file.manager INFO Copyright (C) 2003-2022, Noriaki Ando and OpenRTM development team,
2023-08-24 11:47:58,418 file.manager INFO   Intelligent Systems Research Institute, AIST,
2023-08-24 11:47:58,418 file.manager INFO Copyright (C) 2022, Noriaki Ando and OpenRTM development team,
2023-08-24 11:47:58,418 file.manager INFO   Industrial Cyber-Physical Research Center, AIST,
2023-08-24 11:47:58,418 file.manager INFO   All right reserved.
2023-08-24 11:47:58,418 file.manager INFO Manager starting.
2023-08-24 11:47:58,418 file.manager INFO Starting local logging.
2023-08-24 11:47:58,420 file.manager.namingmanager INFO NameServer connection succeeded: corba/localhost
2023-08-24 11:47:58,424 file.ManagerServant INFO Master manager not found
2023-08-24 11:47:58,426 file.LocalServiceAdmin INFO All the local services are enabled.
2023-08-24 11:47:58,432 file.manager INFO Component type conf file: myCobotAruco.conf loaded.
2023-08-24 11:47:58,434 file.ec_base INFO setRate(1000000.000000) done
2023-08-24 11:47:58,434 file.ec_base INFO setRate(1000.000000) done
2023-08-24 11:47:58,435 file.rtobject INFO 1 execution context was created.
2023-08-24 11:47:58,438 file.rtobject INFO Initial active configuration set is default.
2023-08-24 11:48:08,478 file.ManagerServant INFO Master manager not found
2023-08-24 11:48:18,519 file.ManagerServant INFO Master manager not found
2023-08-24 11:48:28,560 file.ManagerServant INFO Master manager not found
2023-08-24 11:48:38,600 file.ManagerServant INFO Master manager not found
2023-08-24 11:48:42,367 file.rtobject ERROR Traceback (most recent call last):
  File "/usr/lib/python3/dist-packages/OpenRTM_aist/DataFlowComponentBase.py", line 123, in on_execute
    ret = self.onExecute(ec_id)
  File "myCobotAruco.py", line 208, in onExecute
    ret = middle.moveLinearCartesianAbs(JARA_ARM.CarPosWithElbow([[1, 0, 0, self._d_poseIn.data.position.x], [0, 1, 0, self._d_poseIn.data.position.y], [0, 0, 1, self._d_poseIn.data.position.z]], 0,  0))
AttributeError: 'TimedPose3D' object has no attribute 'position'

2023-08-24 11:48:48,640 file.ManagerServant INFO Master manager not found
2023-08-24 11:48:58,673 file.ManagerServant INFO Master manager not found
2023-08-24 11:49:08,706 file.ManagerServant INFO Master manager not found
2023-08-24 11:49:18,742 file.ManagerServant INFO Master manager not found
2023-08-24 11:49:28,775 file.ManagerServant INFO Master manager not found
2023-08-24 11:49:38,809 file.ManagerServant INFO Master manager not found
2023-08-24 11:49:48,849 file.ManagerServant INFO Master manager not found
2023-08-24 11:49:58,559 file.SdoServiceAdmin WARNING No available SDO service in the factory: 
2023-08-24 11:49:58,559 file.SdoServiceAdmin ERROR type  not exists.
2023-08-24 11:49:58,887 file.ManagerServant INFO Master manager not found
2023-08-24 11:50:08,922 file.ManagerServant INFO Master manager not found
2023-08-24 11:50:18,954 file.ManagerServant INFO Master manager not found
