2023-08-24 11:44:12,302 file.manager INFO 2.0.1
2023-08-24 11:44:12,302 file.manager INFO Copyright (C) 2003-2022, Noriaki Ando and OpenRTM development team,
2023-08-24 11:44:12,302 file.manager INFO   Intelligent Systems Research Institute, AIST,
2023-08-24 11:44:12,302 file.manager INFO Copyright (C) 2022, Noriaki Ando and OpenRTM development team,
2023-08-24 11:44:12,302 file.manager INFO   Industrial Cyber-Physical Research Center, AIST,
2023-08-24 11:44:12,302 file.manager INFO   All right reserved.
2023-08-24 11:44:12,302 file.manager INFO Manager starting.
2023-08-24 11:44:12,303 file.manager INFO Starting local logging.
2023-08-24 11:44:12,305 file.manager.namingmanager INFO NameServer connection succeeded: corba/localhost
2023-08-24 11:44:12,309 file.ManagerServant INFO Master manager not found
2023-08-24 11:44:12,310 file.LocalServiceAdmin INFO All the local services are enabled.
2023-08-24 11:44:12,313 file.manager INFO Component type conf file: myCobotAruco.conf loaded.
2023-08-24 11:44:12,314 file.ec_base INFO setRate(1000000.000000) done
2023-08-24 11:44:12,315 file.ec_base INFO setRate(1000.000000) done
2023-08-24 11:44:12,315 file.rtobject INFO 1 execution context was created.
2023-08-24 11:44:12,317 file.rtobject INFO Initial active configuration set is default.
2023-08-24 11:44:22,363 file.ManagerServant INFO Master manager not found
2023-08-24 11:44:28,922 file.rtobject ERROR Traceback (most recent call last):
  File "/usr/lib/python3/dist-packages/OpenRTM_aist/DataFlowComponentBase.py", line 123, in on_execute
    ret = self.onExecute(ec_id)
  File "myCobotAruco.py", line 202, in onExecute
    print(self._d_poseIn.data.position)
AttributeError: 'TimedPose3D' object has no attribute 'position'

2023-08-24 11:44:32,401 file.ManagerServant INFO Master manager not found
