2023-08-24 11:17:17,327 file.manager INFO 2.0.1
2023-08-24 11:17:17,328 file.manager INFO Copyright (C) 2003-2022, Noriaki Ando and OpenRTM development team,
2023-08-24 11:17:17,328 file.manager INFO   Intelligent Systems Research Institute, AIST,
2023-08-24 11:17:17,328 file.manager INFO Copyright (C) 2022, Noriaki Ando and OpenRTM development team,
2023-08-24 11:17:17,328 file.manager INFO   Industrial Cyber-Physical Research Center, AIST,
2023-08-24 11:17:17,328 file.manager INFO   All right reserved.
2023-08-24 11:17:17,328 file.manager INFO Manager starting.
2023-08-24 11:17:17,328 file.manager INFO Starting local logging.
2023-08-24 11:17:17,330 file.manager.namingmanager INFO NameServer connection succeeded: corba/localhost
2023-08-24 11:17:17,334 file.ManagerServant INFO Master manager not found
2023-08-24 11:17:17,335 file.LocalServiceAdmin INFO All the local services are enabled.
2023-08-24 11:17:17,339 file.manager INFO Component type conf file: myCobotAruco.conf loaded.
2023-08-24 11:17:17,341 file.ec_base INFO setRate(1000000.000000) done
2023-08-24 11:17:17,341 file.ec_base INFO setRate(1000.000000) done
2023-08-24 11:17:17,342 file.rtobject INFO 1 execution context was created.
2023-08-24 11:17:17,345 file.rtobject INFO Initial active configuration set is default.
2023-08-24 11:17:27,384 file.ManagerServant INFO Master manager not found
2023-08-24 11:17:37,422 file.ManagerServant INFO Master manager not found
2023-08-24 11:17:47,463 file.ManagerServant INFO Master manager not found
2023-08-24 11:17:57,507 file.ManagerServant INFO Master manager not found
2023-08-24 11:18:07,552 file.ManagerServant INFO Master manager not found
2023-08-24 11:18:17,599 file.ManagerServant INFO Master manager not found
2023-08-24 11:18:27,644 file.ManagerServant INFO Master manager not found
2023-08-24 11:18:37,689 file.ManagerServant INFO Master manager not found
2023-08-24 11:18:47,737 file.ManagerServant INFO Master manager not found
2023-08-24 11:18:57,784 file.ManagerServant INFO Master manager not found
2023-08-24 11:19:07,828 file.ManagerServant INFO Master manager not found
2023-08-24 11:19:17,873 file.ManagerServant INFO Master manager not found
2023-08-24 11:19:27,917 file.ManagerServant INFO Master manager not found
2023-08-24 11:19:37,962 file.ManagerServant INFO Master manager not found
2023-08-24 11:19:48,007 file.ManagerServant INFO Master manager not found
2023-08-24 11:19:58,053 file.ManagerServant INFO Master manager not found
2023-08-24 11:20:08,094 file.ManagerServant INFO Master manager not found
2023-08-24 11:20:18,139 file.ManagerServant INFO Master manager not found
2023-08-24 11:20:28,187 file.ManagerServant INFO Master manager not found
2023-08-24 11:20:38,232 file.ManagerServant INFO Master manager not found
2023-08-24 11:20:48,280 file.ManagerServant INFO Master manager not found
2023-08-24 11:20:58,326 file.ManagerServant INFO Master manager not found
2023-08-24 11:21:08,372 file.ManagerServant INFO Master manager not found
2023-08-24 11:21:18,425 file.ManagerServant INFO Master manager not found
2023-08-24 11:21:28,473 file.ManagerServant INFO Master manager not found
2023-08-24 11:21:38,516 file.ManagerServant INFO Master manager not found
2023-08-24 11:21:48,560 file.ManagerServant INFO Master manager not found
2023-08-24 11:21:58,603 file.ManagerServant INFO Master manager not found
2023-08-24 11:22:08,649 file.ManagerServant INFO Master manager not found
2023-08-24 11:22:18,689 file.ManagerServant INFO Master manager not found
2023-08-24 11:22:28,736 file.ManagerServant INFO Master manager not found
2023-08-24 11:22:38,785 file.ManagerServant INFO Master manager not found
2023-08-24 11:22:48,831 file.ManagerServant INFO Master manager not found
2023-08-24 11:22:58,879 file.ManagerServant INFO Master manager not found
2023-08-24 11:23:08,927 file.ManagerServant INFO Master manager not found
2023-08-24 11:23:18,975 file.ManagerServant INFO Master manager not found
2023-08-24 11:23:29,016 file.ManagerServant INFO Master manager not found
2023-08-24 11:23:39,058 file.ManagerServant INFO Master manager not found
2023-08-24 11:23:49,096 file.ManagerServant INFO Master manager not found
2023-08-24 11:23:59,136 file.ManagerServant INFO Master manager not found
2023-08-24 11:24:09,180 file.ManagerServant INFO Master manager not found
2023-08-24 11:24:19,225 file.ManagerServant INFO Master manager not found
2023-08-24 11:24:29,271 file.ManagerServant INFO Master manager not found
2023-08-24 11:24:39,321 file.ManagerServant INFO Master manager not found
2023-08-24 11:24:49,366 file.ManagerServant INFO Master manager not found
2023-08-24 11:24:59,410 file.ManagerServant INFO Master manager not found
2023-08-24 11:25:09,458 file.ManagerServant INFO Master manager not found
2023-08-24 11:25:19,502 file.ManagerServant INFO Master manager not found
2023-08-24 11:25:29,548 file.ManagerServant INFO Master manager not found
2023-08-24 11:25:39,596 file.ManagerServant INFO Master manager not found
2023-08-24 11:25:49,642 file.ManagerServant INFO Master manager not found
2023-08-24 11:25:59,691 file.ManagerServant INFO Master manager not found
2023-08-24 11:26:09,736 file.ManagerServant INFO Master manager not found
2023-08-24 11:26:19,783 file.ManagerServant INFO Master manager not found
2023-08-24 11:26:29,829 file.ManagerServant INFO Master manager not found
2023-08-24 11:26:39,876 file.ManagerServant INFO Master manager not found
2023-08-24 11:26:49,920 file.ManagerServant INFO Master manager not found
2023-08-24 11:26:59,966 file.ManagerServant INFO Master manager not found
2023-08-24 11:27:10,013 file.ManagerServant INFO Master manager not found
2023-08-24 11:27:20,058 file.ManagerServant INFO Master manager not found
2023-08-24 11:27:30,102 file.ManagerServant INFO Master manager not found
2023-08-24 11:27:40,147 file.ManagerServant INFO Master manager not found
2023-08-24 11:27:50,195 file.ManagerServant INFO Master manager not found
2023-08-24 11:28:00,245 file.ManagerServant INFO Master manager not found
2023-08-24 11:28:10,290 file.ManagerServant INFO Master manager not found
2023-08-24 11:28:20,333 file.ManagerServant INFO Master manager not found
2023-08-24 11:28:30,376 file.ManagerServant INFO Master manager not found
2023-08-24 11:28:40,420 file.ManagerServant INFO Master manager not found
2023-08-24 11:28:50,463 file.ManagerServant INFO Master manager not found
2023-08-24 11:29:00,507 file.ManagerServant INFO Master manager not found
2023-08-24 11:29:10,550 file.ManagerServant INFO Master manager not found
2023-08-24 11:29:20,594 file.ManagerServant INFO Master manager not found
2023-08-24 11:29:30,638 file.ManagerServant INFO Master manager not found
2023-08-24 11:29:40,685 file.ManagerServant INFO Master manager not found
2023-08-24 11:29:50,730 file.ManagerServant INFO Master manager not found
2023-08-24 11:30:00,770 file.ManagerServant INFO Master manager not found
2023-08-24 11:30:10,815 file.ManagerServant INFO Master manager not found
2023-08-24 11:30:20,857 file.ManagerServant INFO Master manager not found
2023-08-24 11:30:30,899 file.ManagerServant INFO Master manager not found
2023-08-24 11:30:40,939 file.ManagerServant INFO Master manager not found
2023-08-24 11:30:50,983 file.ManagerServant INFO Master manager not found
2023-08-24 11:31:01,027 file.ManagerServant INFO Master manager not found
2023-08-24 11:31:11,068 file.ManagerServant INFO Master manager not found
2023-08-24 11:31:21,118 file.ManagerServant INFO Master manager not found
2023-08-24 11:31:31,156 file.ManagerServant INFO Master manager not found
2023-08-24 11:31:41,200 file.ManagerServant INFO Master manager not found
2023-08-24 11:31:51,242 file.ManagerServant INFO Master manager not found
2023-08-24 11:32:01,283 file.ManagerServant INFO Master manager not found
2023-08-24 11:32:11,328 file.ManagerServant INFO Master manager not found
2023-08-24 11:32:21,371 file.ManagerServant INFO Master manager not found
2023-08-24 11:32:31,412 file.ManagerServant INFO Master manager not found
2023-08-24 11:32:41,454 file.ManagerServant INFO Master manager not found
2023-08-24 11:32:51,497 file.ManagerServant INFO Master manager not found
2023-08-24 11:33:01,540 file.ManagerServant INFO Master manager not found
2023-08-24 11:33:11,586 file.ManagerServant INFO Master manager not found
2023-08-24 11:33:21,630 file.ManagerServant INFO Master manager not found
2023-08-24 11:33:31,671 file.ManagerServant INFO Master manager not found
2023-08-24 11:33:41,712 file.ManagerServant INFO Master manager not found
2023-08-24 11:33:51,755 file.ManagerServant INFO Master manager not found
2023-08-24 11:34:01,799 file.ManagerServant INFO Master manager not found
2023-08-24 11:34:11,839 file.ManagerServant INFO Master manager not found
2023-08-24 11:34:21,883 file.ManagerServant INFO Master manager not found
2023-08-24 11:34:31,923 file.ManagerServant INFO Master manager not found
2023-08-24 11:34:41,964 file.ManagerServant INFO Master manager not found
2023-08-24 11:34:52,008 file.ManagerServant INFO Master manager not found
2023-08-24 11:35:02,050 file.ManagerServant INFO Master manager not found
2023-08-24 11:35:12,096 file.ManagerServant INFO Master manager not found
2023-08-24 11:35:22,139 file.ManagerServant INFO Master manager not found
2023-08-24 11:35:32,180 file.ManagerServant INFO Master manager not found
2023-08-24 11:35:42,223 file.ManagerServant INFO Master manager not found
2023-08-24 11:35:52,268 file.ManagerServant INFO Master manager not found
2023-08-24 11:36:02,314 file.ManagerServant INFO Master manager not found
2023-08-24 11:36:12,358 file.ManagerServant INFO Master manager not found
2023-08-24 11:36:22,402 file.ManagerServant INFO Master manager not found
2023-08-24 11:36:32,445 file.ManagerServant INFO Master manager not found
2023-08-24 11:36:42,486 file.ManagerServant INFO Master manager not found
2023-08-24 11:36:52,527 file.ManagerServant INFO Master manager not found
2023-08-24 11:37:02,567 file.ManagerServant INFO Master manager not found
2023-08-24 11:37:12,608 file.ManagerServant INFO Master manager not found
2023-08-24 11:37:22,652 file.ManagerServant INFO Master manager not found
2023-08-24 11:37:32,698 file.ManagerServant INFO Master manager not found
2023-08-24 11:37:42,740 file.ManagerServant INFO Master manager not found
2023-08-24 11:37:52,780 file.ManagerServant INFO Master manager not found
2023-08-24 11:38:02,818 file.ManagerServant INFO Master manager not found
2023-08-24 11:38:12,859 file.ManagerServant INFO Master manager not found
2023-08-24 11:38:22,896 file.ManagerServant INFO Master manager not found
2023-08-24 11:38:32,944 file.ManagerServant INFO Master manager not found
2023-08-24 11:38:42,989 file.ManagerServant INFO Master manager not found
2023-08-24 11:38:53,029 file.ManagerServant INFO Master manager not found
2023-08-24 11:39:03,072 file.ManagerServant INFO Master manager not found
2023-08-24 11:39:13,116 file.ManagerServant INFO Master manager not found
2023-08-24 11:39:23,158 file.ManagerServant INFO Master manager not found
2023-08-24 11:39:33,198 file.ManagerServant INFO Master manager not found
2023-08-24 11:39:43,242 file.ManagerServant INFO Master manager not found
2023-08-24 11:39:53,281 file.ManagerServant INFO Master manager not found
2023-08-24 11:40:03,327 file.ManagerServant INFO Master manager not found
2023-08-24 11:40:13,369 file.ManagerServant INFO Master manager not found
2023-08-24 11:40:23,408 file.ManagerServant INFO Master manager not found
2023-08-24 11:40:33,444 file.ManagerServant INFO Master manager not found
2023-08-24 11:40:43,486 file.ManagerServant INFO Master manager not found
2023-08-24 11:40:53,529 file.ManagerServant INFO Master manager not found
2023-08-24 11:41:03,571 file.ManagerServant INFO Master manager not found
2023-08-24 11:41:13,608 file.ManagerServant INFO Master manager not found
2023-08-24 11:41:23,644 file.ManagerServant INFO Master manager not found
2023-08-24 11:41:33,689 file.ManagerServant INFO Master manager not found
2023-08-24 11:41:43,732 file.ManagerServant INFO Master manager not found
2023-08-24 11:41:53,771 file.ManagerServant INFO Master manager not found
2023-08-24 11:42:03,810 file.ManagerServant INFO Master manager not found
2023-08-24 11:42:13,854 file.ManagerServant INFO Master manager not found
2023-08-24 11:42:23,901 file.ManagerServant INFO Master manager not found
2023-08-24 11:42:33,938 file.ManagerServant INFO Master manager not found
2023-08-24 11:42:43,980 file.ManagerServant INFO Master manager not found
2023-08-24 11:42:54,023 file.ManagerServant INFO Master manager not found
2023-08-24 11:43:04,064 file.ManagerServant INFO Master manager not found
2023-08-24 11:43:14,106 file.ManagerServant INFO Master manager not found
2023-08-24 11:43:24,151 file.ManagerServant INFO Master manager not found
2023-08-24 11:43:34,193 file.ManagerServant INFO Master manager not found
2023-08-24 11:43:44,229 file.ManagerServant INFO Master manager not found
2023-08-24 11:43:54,265 file.ManagerServant INFO Master manager not found
