2023-08-24 10:51:30,762 file.manager INFO 2.0.1
2023-08-24 10:51:30,762 file.manager INFO Copyright (C) 2003-2022, Noriaki Ando and OpenRTM development team,
2023-08-24 10:51:30,762 file.manager INFO   Intelligent Systems Research Institute, AIST,
2023-08-24 10:51:30,762 file.manager INFO Copyright (C) 2022, Noriaki Ando and OpenRTM development team,
2023-08-24 10:51:30,762 file.manager INFO   Industrial Cyber-Physical Research Center, AIST,
2023-08-24 10:51:30,762 file.manager INFO   All right reserved.
2023-08-24 10:51:30,763 file.manager INFO Manager starting.
2023-08-24 10:51:30,763 file.manager INFO Starting local logging.
2023-08-24 10:51:30,766 file.manager.namingmanager INFO NameServer connection succeeded: corba/localhost
2023-08-24 10:51:30,772 file.ManagerServant INFO Master manager not found
2023-08-24 10:51:30,773 file.LocalServiceAdmin INFO All the local services are enabled.
2023-08-24 10:51:30,777 file.manager INFO Component type conf file: myCobotAruco.conf loaded.
2023-08-24 10:51:30,778 file.ec_base INFO setRate(1000000.000000) done
2023-08-24 10:51:30,779 file.ec_base INFO setRate(1000.000000) done
2023-08-24 10:51:30,779 file.rtobject INFO 1 execution context was created.
2023-08-24 10:51:30,782 file.rtobject INFO Initial active configuration set is default.
2023-08-24 10:51:40,819 file.ManagerServant INFO Master manager not found
2023-08-24 10:51:49,244 file.rtobject ERROR Traceback (most recent call last):
  File "/usr/lib/python3/dist-packages/OpenRTM_aist/DataFlowComponentBase.py", line 123, in on_execute
    ret = self.onExecute(ec_id)
  File "myCobotAruco.py", line 202, in onExecute
    print(self._d_poseIn.data.Pose3D)
AttributeError: 'TimedPose3D' object has no attribute 'Pose3D'

2023-08-24 10:51:50,857 file.ManagerServant INFO Master manager not found
