2023-08-24 13:36:57,367 file.manager INFO 2.0.1
2023-08-24 13:36:57,368 file.manager INFO Copyright (C) 2003-2022, Noriaki Ando and OpenRTM development team,
2023-08-24 13:36:57,368 file.manager INFO   Intelligent Systems Research Institute, AIST,
2023-08-24 13:36:57,368 file.manager INFO Copyright (C) 2022, Noriaki Ando and OpenRTM development team,
2023-08-24 13:36:57,368 file.manager INFO   Industrial Cyber-Physical Research Center, AIST,
2023-08-24 13:36:57,368 file.manager INFO   All right reserved.
2023-08-24 13:36:57,368 file.manager INFO Manager starting.
2023-08-24 13:36:57,368 file.manager INFO Starting local logging.
2023-08-24 13:36:57,370 file.manager.namingmanager INFO NameServer connection succeeded: corba/localhost
2023-08-24 13:36:57,374 file.ManagerServant INFO Master manager not found
2023-08-24 13:36:57,375 file.LocalServiceAdmin INFO All the local services are enabled.
2023-08-24 13:36:57,380 file.manager INFO Component type conf file: myCobotAruco.conf loaded.
2023-08-24 13:36:57,382 file.ec_base INFO setRate(1000000.000000) done
2023-08-24 13:36:57,382 file.ec_base INFO setRate(1000.000000) done
2023-08-24 13:36:57,383 file.rtobject INFO 1 execution context was created.
2023-08-24 13:36:57,386 file.rtobject INFO Initial active configuration set is default.
2023-08-24 13:37:07,422 file.ManagerServant INFO Master manager not found
2023-08-24 13:37:14,027 file.rtobject ERROR Traceback (most recent call last):
  File "/usr/lib/python3/dist-packages/OpenRTM_aist/DataFlowComponentBase.py", line 123, in on_execute
    ret = self.onExecute(ec_id)
  File "myCobotAruco.py", line 210, in onExecute
    middle.moveLinearCartesianAbs(JARA_ARM.CarPosWithElbow([[1, 0, 0, self._d_poseIn.data.position.x], [0, 1, 0, self._d_poseIn.data.position.y], [0, 0, 1, self._d_poseIn.data.position.z]], 0,  0))
AttributeError: 'NoneType' object has no attribute 'moveLinearCartesianAbs'

2023-08-24 13:37:17,460 file.ManagerServant INFO Master manager not found
2023-08-24 13:37:27,496 file.ManagerServant INFO Master manager not found
