2023-08-24 13:39:34,167 file.manager INFO 2.0.1
2023-08-24 13:39:34,168 file.manager INFO Copyright (C) 2003-2022, Noriaki Ando and OpenRTM development team,
2023-08-24 13:39:34,168 file.manager INFO   Intelligent Systems Research Institute, AIST,
2023-08-24 13:39:34,168 file.manager INFO Copyright (C) 2022, Noriaki Ando and OpenRTM development team,
2023-08-24 13:39:34,168 file.manager INFO   Industrial Cyber-Physical Research Center, AIST,
2023-08-24 13:39:34,168 file.manager INFO   All right reserved.
2023-08-24 13:39:34,168 file.manager INFO Manager starting.
2023-08-24 13:39:34,168 file.manager INFO Starting local logging.
2023-08-24 13:39:34,170 file.manager.namingmanager INFO NameServer connection succeeded: corba/localhost
2023-08-24 13:39:34,175 file.ManagerServant INFO Master manager not found
2023-08-24 13:39:34,176 file.LocalServiceAdmin INFO All the local services are enabled.
2023-08-24 13:39:34,180 file.manager INFO Component type conf file: myCobotAruco.conf loaded.
2023-08-24 13:39:34,181 file.ec_base INFO setRate(1000000.000000) done
2023-08-24 13:39:34,181 file.ec_base INFO setRate(1000.000000) done
2023-08-24 13:39:34,182 file.rtobject INFO 1 execution context was created.
2023-08-24 13:39:34,184 file.rtobject INFO Initial active configuration set is default.
2023-08-24 13:39:44,226 file.ManagerServant INFO Master manager not found
2023-08-24 13:39:54,264 file.ManagerServant INFO Master manager not found
2023-08-24 13:40:04,299 file.ManagerServant INFO Master manager not found
2023-08-24 13:40:14,339 file.ManagerServant INFO Master manager not found
2023-08-24 13:40:24,380 file.ManagerServant INFO Master manager not found
2023-08-24 13:40:34,417 file.ManagerServant INFO Master manager not found
