2023-08-24 14:03:05,825 file.manager INFO 2.0.1
2023-08-24 14:03:05,825 file.manager INFO Copyright (C) 2003-2022, Noriaki Ando and OpenRTM development team,
2023-08-24 14:03:05,825 file.manager INFO   Intelligent Systems Research Institute, AIST,
2023-08-24 14:03:05,825 file.manager INFO Copyright (C) 2022, Noriaki Ando and OpenRTM development team,
2023-08-24 14:03:05,825 file.manager INFO   Industrial Cyber-Physical Research Center, AIST,
2023-08-24 14:03:05,825 file.manager INFO   All right reserved.
2023-08-24 14:03:05,825 file.manager INFO Manager starting.
2023-08-24 14:03:05,825 file.manager INFO Starting local logging.
2023-08-24 14:03:05,827 file.manager.namingmanager INFO NameServer connection succeeded: corba/localhost
2023-08-24 14:03:05,831 file.ManagerServant INFO Master manager not found
2023-08-24 14:03:05,832 file.LocalServiceAdmin INFO All the local services are enabled.
2023-08-24 14:03:05,835 file.manager INFO Component type conf file: myCobotAruco.conf loaded.
2023-08-24 14:03:05,836 file.ec_base INFO setRate(1000000.000000) done
2023-08-24 14:03:05,837 file.ec_base INFO setRate(1000.000000) done
2023-08-24 14:03:05,837 file.rtobject INFO 1 execution context was created.
2023-08-24 14:03:05,839 file.rtobject INFO Initial active configuration set is default.
2023-08-24 14:03:15,885 file.ManagerServant INFO Master manager not found
2023-08-24 14:03:25,929 file.ManagerServant INFO Master manager not found
2023-08-24 14:03:35,969 file.ManagerServant INFO Master manager not found
2023-08-24 14:03:46,014 file.ManagerServant INFO Master manager not found
2023-08-24 14:03:56,058 file.ManagerServant INFO Master manager not found
2023-08-24 14:04:06,102 file.ManagerServant INFO Master manager not found
2023-08-24 14:04:16,147 file.ManagerServant INFO Master manager not found
2023-08-24 14:04:26,189 file.ManagerServant INFO Master manager not found
2023-08-24 14:04:36,232 file.ManagerServant INFO Master manager not found
2023-08-24 14:04:46,269 file.ManagerServant INFO Master manager not found
2023-08-24 14:04:56,312 file.ManagerServant INFO Master manager not found
2023-08-24 14:05:06,358 file.ManagerServant INFO Master manager not found
2023-08-24 14:05:16,404 file.ManagerServant INFO Master manager not found
2023-08-24 14:05:26,449 file.ManagerServant INFO Master manager not found
2023-08-24 14:05:36,495 file.ManagerServant INFO Master manager not found
2023-08-24 14:05:46,539 file.ManagerServant INFO Master manager not found
2023-08-24 14:05:56,584 file.ManagerServant INFO Master manager not found
2023-08-24 14:06:06,627 file.ManagerServant INFO Master manager not found
2023-08-24 14:06:16,671 file.ManagerServant INFO Master manager not found
2023-08-24 14:06:26,709 file.ManagerServant INFO Master manager not found
2023-08-24 14:06:36,742 file.ManagerServant INFO Master manager not found
2023-08-24 14:06:46,778 file.ManagerServant INFO Master manager not found
2023-08-24 14:06:56,825 file.ManagerServant INFO Master manager not found
2023-08-24 14:07:06,865 file.ManagerServant INFO Master manager not found
2023-08-24 14:07:16,909 file.ManagerServant INFO Master manager not found
2023-08-24 14:07:26,957 file.ManagerServant INFO Master manager not found
2023-08-24 14:07:37,001 file.ManagerServant INFO Master manager not found
2023-08-24 14:07:47,046 file.ManagerServant INFO Master manager not found
