2023-08-24 13:47:12,736 file.manager INFO 2.0.1
2023-08-24 13:47:12,736 file.manager INFO Copyright (C) 2003-2022, Noriaki Ando and OpenRTM development team,
2023-08-24 13:47:12,736 file.manager INFO   Intelligent Systems Research Institute, AIST,
2023-08-24 13:47:12,736 file.manager INFO Copyright (C) 2022, Noriaki Ando and OpenRTM development team,
2023-08-24 13:47:12,736 file.manager INFO   Industrial Cyber-Physical Research Center, AIST,
2023-08-24 13:47:12,736 file.manager INFO   All right reserved.
2023-08-24 13:47:12,736 file.manager INFO Manager starting.
2023-08-24 13:47:12,736 file.manager INFO Starting local logging.
2023-08-24 13:47:12,738 file.manager.namingmanager INFO NameServer connection succeeded: corba/localhost
2023-08-24 13:47:12,744 file.ManagerServant INFO Master manager not found
2023-08-24 13:47:12,746 file.LocalServiceAdmin INFO All the local services are enabled.
2023-08-24 13:47:12,749 file.manager INFO Component type conf file: myCobotAruco.conf loaded.
2023-08-24 13:47:12,751 file.ec_base INFO setRate(1000000.000000) done
2023-08-24 13:47:12,751 file.ec_base INFO setRate(1000.000000) done
2023-08-24 13:47:12,751 file.rtobject INFO 1 execution context was created.
2023-08-24 13:47:12,754 file.rtobject INFO Initial active configuration set is default.
2023-08-24 13:47:22,799 file.ManagerServant INFO Master manager not found
2023-08-24 13:47:32,838 file.ManagerServant INFO Master manager not found
2023-08-24 13:47:42,875 file.ManagerServant INFO Master manager not found
2023-08-24 13:47:52,907 file.ManagerServant INFO Master manager not found
2023-08-24 13:48:02,942 file.ManagerServant INFO Master manager not found
