2023-08-24 13:53:00,174 file.manager INFO 2.0.1
2023-08-24 13:53:00,174 file.manager INFO Copyright (C) 2003-2022, Noriaki Ando and OpenRTM development team,
2023-08-24 13:53:00,175 file.manager INFO   Intelligent Systems Research Institute, AIST,
2023-08-24 13:53:00,175 file.manager INFO Copyright (C) 2022, Noriaki Ando and OpenRTM development team,
2023-08-24 13:53:00,175 file.manager INFO   Industrial Cyber-Physical Research Center, AIST,
2023-08-24 13:53:00,175 file.manager INFO   All right reserved.
2023-08-24 13:53:00,175 file.manager INFO Manager starting.
2023-08-24 13:53:00,175 file.manager INFO Starting local logging.
2023-08-24 13:53:00,176 file.manager.namingmanager INFO NameServer connection succeeded: corba/localhost
2023-08-24 13:53:00,181 file.ManagerServant INFO Master manager not found
2023-08-24 13:53:00,182 file.LocalServiceAdmin INFO All the local services are enabled.
2023-08-24 13:53:00,185 file.manager INFO Component type conf file: myCobotAruco.conf loaded.
2023-08-24 13:53:00,187 file.ec_base INFO setRate(1000000.000000) done
2023-08-24 13:53:00,187 file.ec_base INFO setRate(1000.000000) done
2023-08-24 13:53:00,187 file.rtobject INFO 1 execution context was created.
2023-08-24 13:53:00,189 file.rtobject INFO Initial active configuration set is default.
2023-08-24 13:53:10,229 file.ManagerServant INFO Master manager not found
2023-08-24 13:53:20,268 file.ManagerServant INFO Master manager not found
2023-08-24 13:53:30,305 file.ManagerServant INFO Master manager not found
2023-08-24 13:53:40,347 file.ManagerServant INFO Master manager not found
2023-08-24 13:53:44,048 file.rtobject ERROR Traceback (most recent call last):
  File "/usr/lib/python3/dist-packages/OpenRTM_aist/DataFlowComponentBase.py", line 123, in on_execute
    ret = self.onExecute(ec_id)
  File "myCobotAruco.py", line 217, in onExecute
    middle.moveLinearCartesianAbs(JARA_ARM.CarPosWithElbow([[1, 0, 0, poseX], [0, 1, 0, poseY], [0, 0, 1, poseZ]], 0,  0))
  File "/usr/lib/python3/dist-packages/OpenRTM_aist/RTM_IDL/ManipulatorCommonInterface_Middle_idl.py", line 168, in moveLinearCartesianAbs
    return self._obj.invoke("moveLinearCartesianAbs", _0_JARA_ARM.ManipulatorCommonInterface_Middle._d_moveLinearCartesianAbs, args)
omniORB.CORBA._omni_sys_exc: CORBA.UNKNOWN(omniORB.UNKNOWN_PythonException, CORBA.COMPLETED_MAYBE)

2023-08-24 13:53:50,382 file.ManagerServant INFO Master manager not found
2023-08-24 13:54:00,424 file.ManagerServant INFO Master manager not found
2023-08-24 13:54:10,458 file.ManagerServant INFO Master manager not found
2023-08-24 13:54:20,491 file.ManagerServant INFO Master manager not found
2023-08-24 13:54:30,524 file.ManagerServant INFO Master manager not found
2023-08-24 13:54:40,559 file.ManagerServant INFO Master manager not found
2023-08-24 13:54:50,593 file.ManagerServant INFO Master manager not found
2023-08-24 13:55:00,627 file.ManagerServant INFO Master manager not found
2023-08-24 13:55:10,663 file.ManagerServant INFO Master manager not found
2023-08-24 13:55:20,700 file.ManagerServant INFO Master manager not found
2023-08-24 13:55:30,730 file.ManagerServant INFO Master manager not found
2023-08-24 13:55:40,761 file.ManagerServant INFO Master manager not found
2023-08-24 13:55:50,792 file.ManagerServant INFO Master manager not found
2023-08-24 13:56:00,824 file.ManagerServant INFO Master manager not found
2023-08-24 13:56:10,858 file.ManagerServant INFO Master manager not found
2023-08-24 13:56:20,894 file.ManagerServant INFO Master manager not found
