2023-08-24 14:32:46,797 file.manager INFO 2.0.1
2023-08-24 14:32:46,798 file.manager INFO Copyright (C) 2003-2022, Noriaki Ando and OpenRTM development team,
2023-08-24 14:32:46,798 file.manager INFO   Intelligent Systems Research Institute, AIST,
2023-08-24 14:32:46,798 file.manager INFO Copyright (C) 2022, Noriaki Ando and OpenRTM development team,
2023-08-24 14:32:46,798 file.manager INFO   Industrial Cyber-Physical Research Center, AIST,
2023-08-24 14:32:46,798 file.manager INFO   All right reserved.
2023-08-24 14:32:46,798 file.manager INFO Manager starting.
2023-08-24 14:32:46,798 file.manager INFO Starting local logging.
2023-08-24 14:32:46,800 file.manager.namingmanager INFO NameServer connection succeeded: corba/localhost
2023-08-24 14:32:46,804 file.ManagerServant INFO Master manager not found
2023-08-24 14:32:46,805 file.LocalServiceAdmin INFO All the local services are enabled.
2023-08-24 14:32:46,808 file.manager INFO Component type conf file: myCobotAruco.conf loaded.
2023-08-24 14:32:46,810 file.ec_base INFO setRate(1000000.000000) done
2023-08-24 14:32:46,810 file.ec_base INFO setRate(1000.000000) done
2023-08-24 14:32:46,810 file.rtobject INFO 1 execution context was created.
2023-08-24 14:32:46,812 file.rtobject INFO Initial active configuration set is default.
2023-08-24 14:32:56,854 file.ManagerServant INFO Master manager not found
2023-08-24 14:33:06,894 file.ManagerServant INFO Master manager not found
2023-08-24 14:33:16,936 file.ManagerServant INFO Master manager not found
2023-08-24 14:33:20,311 file.rtobject ERROR Traceback (most recent call last):
  File "/usr/lib/python3/dist-packages/OpenRTM_aist/DataFlowComponentBase.py", line 123, in on_execute
    ret = self.onExecute(ec_id)
  File "myCobotAruco.py", line 223, in onExecute
    ret=middle.moveLinearCartesianAbs(JARA_ARM.CarPosWithElbow([[1, 0, 0, poseX], [0, 1, 0, poseY], [0, 0, 1, poseZ]], 0,  0))
  File "/usr/lib/python3/dist-packages/OpenRTM_aist/RTM_IDL/ManipulatorCommonInterface_Middle_idl.py", line 168, in moveLinearCartesianAbs
    return self._obj.invoke("moveLinearCartesianAbs", _0_JARA_ARM.ManipulatorCommonInterface_Middle._d_moveLinearCartesianAbs, args)
omniORB.CORBA._omni_sys_exc: CORBA.OBJECT_NOT_EXIST(omniORB.OBJECT_NOT_EXIST_NoMatch, CORBA.COMPLETED_NO)

2023-08-24 14:33:26,973 file.ManagerServant INFO Master manager not found
2023-08-24 14:33:37,007 file.ManagerServant INFO Master manager not found
2023-08-24 14:33:47,042 file.ManagerServant INFO Master manager not found
2023-08-24 14:33:57,074 file.ManagerServant INFO Master manager not found
2023-08-24 14:34:07,110 file.ManagerServant INFO Master manager not found
2023-08-24 14:34:17,144 file.ManagerServant INFO Master manager not found
