2023-08-24 14:18:31,203 file.manager INFO 2.0.1
2023-08-24 14:18:31,203 file.manager INFO Copyright (C) 2003-2022, Noriaki Ando and OpenRTM development team,
2023-08-24 14:18:31,203 file.manager INFO   Intelligent Systems Research Institute, AIST,
2023-08-24 14:18:31,203 file.manager INFO Copyright (C) 2022, Noriaki Ando and OpenRTM development team,
2023-08-24 14:18:31,203 file.manager INFO   Industrial Cyber-Physical Research Center, AIST,
2023-08-24 14:18:31,203 file.manager INFO   All right reserved.
2023-08-24 14:18:31,203 file.manager INFO Manager starting.
2023-08-24 14:18:31,203 file.manager INFO Starting local logging.
2023-08-24 14:18:31,205 file.manager.namingmanager INFO NameServer connection succeeded: corba/localhost
2023-08-24 14:18:31,212 file.ManagerServant INFO Master manager not found
2023-08-24 14:18:31,214 file.LocalServiceAdmin INFO All the local services are enabled.
2023-08-24 14:18:31,217 file.manager INFO Component type conf file: myCobotAruco.conf loaded.
2023-08-24 14:18:31,218 file.ec_base INFO setRate(1000000.000000) done
2023-08-24 14:18:31,218 file.ec_base INFO setRate(1000.000000) done
2023-08-24 14:18:31,219 file.rtobject INFO 1 execution context was created.
2023-08-24 14:18:31,221 file.rtobject INFO Initial active configuration set is default.
2023-08-24 14:18:41,264 file.ManagerServant INFO Master manager not found
2023-08-24 14:18:51,304 file.ManagerServant INFO Master manager not found
2023-08-24 14:18:59,222 file.rtobject ERROR Traceback (most recent call last):
  File "/usr/lib/python3/dist-packages/OpenRTM_aist/DataFlowComponentBase.py", line 123, in on_execute
    ret = self.onExecute(ec_id)
  File "myCobotAruco.py", line 217, in onExecute
    ret=middle.moveLinearCartesianAbs(JARA_ARM.CarPosWithElbow([[1, 0, 0, poseX], [0, 1, 0, poseY], [0, 0, 1, poseZ]], 0,  0))
  File "/usr/lib/python3/dist-packages/OpenRTM_aist/RTM_IDL/ManipulatorCommonInterface_Middle_idl.py", line 168, in moveLinearCartesianAbs
    return self._obj.invoke("moveLinearCartesianAbs", _0_JARA_ARM.ManipulatorCommonInterface_Middle._d_moveLinearCartesianAbs, args)
omniORB.CORBA._omni_sys_exc: CORBA.OBJECT_NOT_EXIST(omniORB.OBJECT_NOT_EXIST_NoMatch, CORBA.COMPLETED_NO)

2023-08-24 14:19:01,344 file.ManagerServant INFO Master manager not found
2023-08-24 14:19:11,377 file.ManagerServant INFO Master manager not found
2023-08-24 14:19:21,412 file.ManagerServant INFO Master manager not found
2023-08-24 14:19:31,448 file.ManagerServant INFO Master manager not found
2023-08-24 14:19:41,494 file.ManagerServant INFO Master manager not found
