2023-08-24 13:41:39,916 file.manager INFO 2.0.1
2023-08-24 13:41:39,916 file.manager INFO Copyright (C) 2003-2022, Noriaki Ando and OpenRTM development team,
2023-08-24 13:41:39,916 file.manager INFO   Intelligent Systems Research Institute, AIST,
2023-08-24 13:41:39,916 file.manager INFO Copyright (C) 2022, Noriaki Ando and OpenRTM development team,
2023-08-24 13:41:39,916 file.manager INFO   Industrial Cyber-Physical Research Center, AIST,
2023-08-24 13:41:39,916 file.manager INFO   All right reserved.
2023-08-24 13:41:39,916 file.manager INFO Manager starting.
2023-08-24 13:41:39,916 file.manager INFO Starting local logging.
2023-08-24 13:41:39,918 file.manager.namingmanager INFO NameServer connection succeeded: corba/localhost
2023-08-24 13:41:39,923 file.ManagerServant INFO Master manager not found
2023-08-24 13:41:39,924 file.LocalServiceAdmin INFO All the local services are enabled.
2023-08-24 13:41:39,927 file.manager INFO Component type conf file: myCobotAruco.conf loaded.
2023-08-24 13:41:39,928 file.ec_base INFO setRate(1000000.000000) done
2023-08-24 13:41:39,928 file.ec_base INFO setRate(1000.000000) done
2023-08-24 13:41:39,929 file.rtobject INFO 1 execution context was created.
2023-08-24 13:41:39,931 file.rtobject INFO Initial active configuration set is default.
2023-08-24 13:41:49,974 file.ManagerServant INFO Master manager not found
2023-08-24 13:42:00,013 file.ManagerServant INFO Master manager not found
2023-08-24 13:42:10,051 file.ManagerServant INFO Master manager not found
2023-08-24 13:42:20,089 file.ManagerServant INFO Master manager not found
