2023-08-24 14:16:27,963 file.manager INFO 2.0.1
2023-08-24 14:16:27,963 file.manager INFO Copyright (C) 2003-2022, Noriaki Ando and OpenRTM development team,
2023-08-24 14:16:27,963 file.manager INFO   Intelligent Systems Research Institute, AIST,
2023-08-24 14:16:27,963 file.manager INFO Copyright (C) 2022, Noriaki Ando and OpenRTM development team,
2023-08-24 14:16:27,963 file.manager INFO   Industrial Cyber-Physical Research Center, AIST,
2023-08-24 14:16:27,963 file.manager INFO   All right reserved.
2023-08-24 14:16:27,963 file.manager INFO Manager starting.
2023-08-24 14:16:27,963 file.manager INFO Starting local logging.
2023-08-24 14:16:27,965 file.manager.namingmanager INFO NameServer connection succeeded: corba/localhost
2023-08-24 14:16:27,970 file.ManagerServant INFO Master manager not found
2023-08-24 14:16:27,971 file.LocalServiceAdmin INFO All the local services are enabled.
2023-08-24 14:16:27,976 file.manager INFO Component type conf file: myCobotAruco.conf loaded.
2023-08-24 14:16:27,978 file.ec_base INFO setRate(1000000.000000) done
2023-08-24 14:16:27,978 file.ec_base INFO setRate(1000.000000) done
2023-08-24 14:16:27,979 file.rtobject INFO 1 execution context was created.
2023-08-24 14:16:27,981 file.rtobject INFO Initial active configuration set is default.
2023-08-24 14:16:38,023 file.ManagerServant INFO Master manager not found
2023-08-24 14:16:48,068 file.ManagerServant INFO Master manager not found
2023-08-24 14:16:58,113 file.ManagerServant INFO Master manager not found
2023-08-24 14:17:08,151 file.ManagerServant INFO Master manager not found
2023-08-24 14:17:18,193 file.ManagerServant INFO Master manager not found
2023-08-24 14:17:28,234 file.ManagerServant INFO Master manager not found
2023-08-24 14:17:38,277 file.ManagerServant INFO Master manager not found
2023-08-24 14:17:39,844 file.rtobject ERROR Traceback (most recent call last):
  File "/usr/lib/python3/dist-packages/OpenRTM_aist/DataFlowComponentBase.py", line 123, in on_execute
    ret = self.onExecute(ec_id)
  File "myCobotAruco.py", line 217, in onExecute
    ret=middle.moveLinearCartesianAbs(JARA_ARM.CarPosWithElbow([[1, 0, 0, poseX], [0, 1, 0, poseY], [0, 0, 1, poseZ]], 0,  0))
  File "/usr/lib/python3/dist-packages/OpenRTM_aist/RTM_IDL/ManipulatorCommonInterface_Middle_idl.py", line 168, in moveLinearCartesianAbs
    return self._obj.invoke("moveLinearCartesianAbs", _0_JARA_ARM.ManipulatorCommonInterface_Middle._d_moveLinearCartesianAbs, args)
omniORB.CORBA._omni_sys_exc: CORBA.OBJECT_NOT_EXIST(omniORB.OBJECT_NOT_EXIST_NoMatch, CORBA.COMPLETED_NO)

2023-08-24 14:17:48,312 file.ManagerServant INFO Master manager not found
2023-08-24 14:17:58,344 file.ManagerServant INFO Master manager not found
2023-08-24 14:18:00,064 file.SdoServiceAdmin WARNING No available SDO service in the factory: 
2023-08-24 14:18:00,064 file.SdoServiceAdmin ERROR type  not exists.
2023-08-24 14:18:04,764 file.ec_worker ERROR State of the RTC is not ACTIVE_STATE.
2023-08-24 14:18:08,377 file.ManagerServant INFO Master manager not found
