2023-08-24 13:44:16,755 file.manager INFO 2.0.1
2023-08-24 13:44:16,755 file.manager INFO Copyright (C) 2003-2022, Noriaki Ando and OpenRTM development team,
2023-08-24 13:44:16,755 file.manager INFO   Intelligent Systems Research Institute, AIST,
2023-08-24 13:44:16,755 file.manager INFO Copyright (C) 2022, Noriaki Ando and OpenRTM development team,
2023-08-24 13:44:16,755 file.manager INFO   Industrial Cyber-Physical Research Center, AIST,
2023-08-24 13:44:16,755 file.manager INFO   All right reserved.
2023-08-24 13:44:16,755 file.manager INFO Manager starting.
2023-08-24 13:44:16,755 file.manager INFO Starting local logging.
2023-08-24 13:44:16,757 file.manager.namingmanager INFO NameServer connection succeeded: corba/localhost
2023-08-24 13:44:16,762 file.ManagerServant INFO Master manager not found
2023-08-24 13:44:16,763 file.LocalServiceAdmin INFO All the local services are enabled.
2023-08-24 13:44:16,767 file.manager INFO Component type conf file: myCobotAruco.conf loaded.
2023-08-24 13:44:16,768 file.ec_base INFO setRate(1000000.000000) done
2023-08-24 13:44:16,768 file.ec_base INFO setRate(1000.000000) done
2023-08-24 13:44:16,769 file.rtobject INFO 1 execution context was created.
2023-08-24 13:44:16,771 file.rtobject INFO Initial active configuration set is default.
2023-08-24 13:44:26,808 file.ManagerServant INFO Master manager not found
2023-08-24 13:44:36,843 file.ManagerServant INFO Master manager not found
2023-08-24 13:44:46,882 file.ManagerServant INFO Master manager not found
2023-08-24 13:44:56,917 file.ManagerServant INFO Master manager not found
2023-08-24 13:45:06,953 file.ManagerServant INFO Master manager not found
2023-08-24 13:45:16,989 file.ManagerServant INFO Master manager not found
2023-08-24 13:45:27,025 file.ManagerServant INFO Master manager not found
2023-08-24 13:45:37,064 file.ManagerServant INFO Master manager not found
2023-08-24 13:45:47,101 file.ManagerServant INFO Master manager not found
2023-08-24 13:45:57,141 file.ManagerServant INFO Master manager not found
2023-08-24 13:46:07,178 file.ManagerServant INFO Master manager not found
2023-08-24 13:46:17,217 file.ManagerServant INFO Master manager not found
2023-08-24 13:46:27,256 file.ManagerServant INFO Master manager not found
2023-08-24 13:46:37,295 file.ManagerServant INFO Master manager not found
2023-08-24 13:46:47,333 file.ManagerServant INFO Master manager not found
2023-08-24 13:46:57,371 file.ManagerServant INFO Master manager not found
