2023-08-24 13:56:37,520 file.manager INFO 2.0.1
2023-08-24 13:56:37,521 file.manager INFO Copyright (C) 2003-2022, Noriaki Ando and OpenRTM development team,
2023-08-24 13:56:37,521 file.manager INFO   Intelligent Systems Research Institute, AIST,
2023-08-24 13:56:37,521 file.manager INFO Copyright (C) 2022, Noriaki Ando and OpenRTM development team,
2023-08-24 13:56:37,521 file.manager INFO   Industrial Cyber-Physical Research Center, AIST,
2023-08-24 13:56:37,521 file.manager INFO   All right reserved.
2023-08-24 13:56:37,521 file.manager INFO Manager starting.
2023-08-24 13:56:37,521 file.manager INFO Starting local logging.
2023-08-24 13:56:37,524 file.manager.namingmanager INFO NameServer connection succeeded: corba/localhost
2023-08-24 13:56:37,528 file.ManagerServant INFO Master manager not found
2023-08-24 13:56:37,529 file.LocalServiceAdmin INFO All the local services are enabled.
2023-08-24 13:56:37,532 file.manager INFO Component type conf file: myCobotAruco.conf loaded.
2023-08-24 13:56:37,534 file.ec_base INFO setRate(1000000.000000) done
2023-08-24 13:56:37,534 file.ec_base INFO setRate(1000.000000) done
2023-08-24 13:56:37,534 file.rtobject INFO 1 execution context was created.
2023-08-24 13:56:37,536 file.rtobject INFO Initial active configuration set is default.
2023-08-24 13:56:47,580 file.ManagerServant INFO Master manager not found
2023-08-24 13:56:53,414 file.SdoServiceAdmin WARNING No available SDO service in the factory: 
2023-08-24 13:56:53,415 file.SdoServiceAdmin ERROR type  not exists.
2023-08-24 13:56:57,618 file.ManagerServant INFO Master manager not found
2023-08-24 13:57:07,655 file.ManagerServant INFO Master manager not found
2023-08-24 13:57:13,737 file.rtobject ERROR Traceback (most recent call last):
  File "/usr/lib/python3/dist-packages/OpenRTM_aist/DataFlowComponentBase.py", line 123, in on_execute
    ret = self.onExecute(ec_id)
  File "myCobotAruco.py", line 217, in onExecute
    middle.moveLinearCartesianAbs(JARA_ARM.CarPosWithElbow([[1, 0, 0, poseX], [0, 1, 0, poseY], [0, 0, 1, poseZ]], 0,  0))
  File "/usr/lib/python3/dist-packages/OpenRTM_aist/RTM_IDL/ManipulatorCommonInterface_Middle_idl.py", line 168, in moveLinearCartesianAbs
    return self._obj.invoke("moveLinearCartesianAbs", _0_JARA_ARM.ManipulatorCommonInterface_Middle._d_moveLinearCartesianAbs, args)
omniORB.CORBA._omni_sys_exc: CORBA.UNKNOWN(omniORB.UNKNOWN_PythonException, CORBA.COMPLETED_MAYBE)

2023-08-24 13:57:17,689 file.ManagerServant INFO Master manager not found
2023-08-24 13:57:27,722 file.ManagerServant INFO Master manager not found
2023-08-24 13:57:37,752 file.ManagerServant INFO Master manager not found
2023-08-24 13:57:47,785 file.ManagerServant INFO Master manager not found
2023-08-24 13:57:57,824 file.ManagerServant INFO Master manager not found
