2023-08-24 09:23:06,927 file.manager INFO 2.0.1
2023-08-24 09:23:06,927 file.manager INFO Copyright (C) 2003-2022, Noriaki Ando and OpenRTM development team,
2023-08-24 09:23:06,927 file.manager INFO   Intelligent Systems Research Institute, AIST,
2023-08-24 09:23:06,927 file.manager INFO Copyright (C) 2022, Noriaki Ando and OpenRTM development team,
2023-08-24 09:23:06,927 file.manager INFO   Industrial Cyber-Physical Research Center, AIST,
2023-08-24 09:23:06,927 file.manager INFO   All right reserved.
2023-08-24 09:23:06,927 file.manager INFO Manager starting.
2023-08-24 09:23:06,927 file.manager INFO Starting local logging.
2023-08-24 09:23:06,929 file.manager.namingmanager INFO NameServer connection succeeded: corba/localhost
2023-08-24 09:23:06,934 file.ManagerServant INFO Master manager not found
2023-08-24 09:23:06,934 file.LocalServiceAdmin INFO All the local services are enabled.
2023-08-24 09:23:06,938 file.manager INFO Component type conf file: myCobotAruco.conf loaded.
2023-08-24 09:23:06,939 file.ec_base INFO setRate(1000000.000000) done
2023-08-24 09:23:06,939 file.ec_base INFO setRate(1000.000000) done
2023-08-24 09:23:06,940 file.rtobject INFO 1 execution context was created.
2023-08-24 09:23:06,942 file.rtobject INFO Initial active configuration set is default.
2023-08-24 09:23:16,981 file.ManagerServant INFO Master manager not found
2023-08-24 09:23:27,024 file.ManagerServant INFO Master manager not found
2023-08-24 09:23:32,193 file.rtobject ERROR Traceback (most recent call last):
  File "/usr/lib/python3/dist-packages/OpenRTM_aist/DataFlowComponentBase.py", line 123, in on_execute
    ret = self.onExecute(ec_id)
  File "myCobotAruco.py", line 198, in onExecute
    poseX=self._d_poseIn.data.x
AttributeError: 'TimedPose3D' object has no attribute 'x'

2023-08-24 09:23:37,060 file.ManagerServant INFO Master manager not found
2023-08-24 09:23:47,094 file.ManagerServant INFO Master manager not found
2023-08-24 09:23:57,138 file.ManagerServant INFO Master manager not found
