2023-08-23 21:55:24,213 file.manager INFO 2.0.1
2023-08-23 21:55:24,213 file.manager INFO Copyright (C) 2003-2022, Noriaki Ando and OpenRTM development team,
2023-08-23 21:55:24,214 file.manager INFO   Intelligent Systems Research Institute, AIST,
2023-08-23 21:55:24,214 file.manager INFO Copyright (C) 2022, Noriaki Ando and OpenRTM development team,
2023-08-23 21:55:24,214 file.manager INFO   Industrial Cyber-Physical Research Center, AIST,
2023-08-23 21:55:24,214 file.manager INFO   All right reserved.
2023-08-23 21:55:24,214 file.manager INFO Manager starting.
2023-08-23 21:55:24,214 file.manager INFO Starting local logging.
2023-08-23 21:55:24,215 file.manager.namingmanager INFO NameServer connection succeeded: corba/localhost
2023-08-23 21:55:24,220 file.ManagerServant INFO Master manager not found
2023-08-23 21:55:24,222 file.LocalServiceAdmin INFO All the local services are enabled.
2023-08-23 21:55:24,226 file.manager INFO Component type conf file: myCobotAruco.conf loaded.
2023-08-23 21:55:24,228 file.ec_base INFO setRate(1000000.000000) done
2023-08-23 21:55:24,228 file.ec_base INFO setRate(1000.000000) done
2023-08-23 21:55:24,229 file.rtobject INFO 1 execution context was created.
2023-08-23 21:55:24,232 file.rtobject INFO Initial active configuration set is default.
2023-08-23 21:55:34,275 file.ManagerServant INFO Master manager not found
2023-08-23 21:55:44,321 file.ManagerServant INFO Master manager not found
2023-08-23 21:55:45,883 file.SdoServiceAdmin WARNING No available SDO service in the factory: 
2023-08-23 21:55:45,883 file.SdoServiceAdmin ERROR type  not exists.
2023-08-23 21:55:45,986 file.rtobject ERROR Traceback (most recent call last):
  File "/usr/lib/python3/dist-packages/OpenRTM_aist/DataFlowComponentBase.py", line 123, in on_execute
    ret = self.onExecute(ec_id)
  File "myCobotAruco.py", line 201, in onExecute
    poseX=self._d_poseIn.data.x
AttributeError: 'Pose3D' object has no attribute 'x'

2023-08-23 21:55:50,304 file.ec_worker ERROR State of the RTC is not INACTIVE_STATE.
2023-08-23 21:55:52,366 file.ec_worker ERROR State of the RTC is not INACTIVE_STATE.
2023-08-23 21:55:54,361 file.ManagerServant INFO Master manager not found
2023-08-23 21:55:56,303 file.ec_worker ERROR State of the RTC is not INACTIVE_STATE.
2023-08-23 21:55:59,266 file.ec_worker ERROR State of the RTC is not INACTIVE_STATE.
2023-08-23 21:56:04,399 file.ManagerServant INFO Master manager not found
2023-08-23 21:56:11,334 file.ec_worker ERROR State of the RTC is not INACTIVE_STATE.
2023-08-23 21:56:12,185 file.ec_worker ERROR State of the RTC is not INACTIVE_STATE.
2023-08-23 21:56:14,436 file.ManagerServant INFO Master manager not found
