2023-08-24 09:20:29,090 file.manager INFO 2.0.1
2023-08-24 09:20:29,090 file.manager INFO Copyright (C) 2003-2022, Noriaki Ando and OpenRTM development team,
2023-08-24 09:20:29,090 file.manager INFO   Intelligent Systems Research Institute, AIST,
2023-08-24 09:20:29,090 file.manager INFO Copyright (C) 2022, Noriaki Ando and OpenRTM development team,
2023-08-24 09:20:29,091 file.manager INFO   Industrial Cyber-Physical Research Center, AIST,
2023-08-24 09:20:29,091 file.manager INFO   All right reserved.
2023-08-24 09:20:29,091 file.manager INFO Manager starting.
2023-08-24 09:20:29,091 file.manager INFO Starting local logging.
2023-08-24 09:20:29,093 file.manager.namingmanager INFO NameServer connection succeeded: corba/localhost
2023-08-24 09:20:29,098 file.ManagerServant INFO Master manager not found
2023-08-24 09:20:29,099 file.LocalServiceAdmin INFO All the local services are enabled.
2023-08-24 09:20:29,102 file.manager INFO Component type conf file: myCobotAruco.conf loaded.
2023-08-24 09:20:29,103 file.ec_base INFO setRate(1000000.000000) done
2023-08-24 09:20:29,104 file.ec_base INFO setRate(1000.000000) done
2023-08-24 09:20:29,104 file.rtobject INFO 1 execution context was created.
2023-08-24 09:20:29,106 file.rtobject INFO Initial active configuration set is default.
2023-08-24 09:20:39,144 file.ManagerServant INFO Master manager not found
2023-08-24 09:20:49,182 file.ManagerServant INFO Master manager not found
2023-08-24 09:20:59,219 file.ManagerServant INFO Master manager not found
2023-08-24 09:21:07,006 file.rtobject ERROR Traceback (most recent call last):
  File "/usr/lib/python3/dist-packages/OpenRTM_aist/DataFlowComponentBase.py", line 123, in on_execute
    ret = self.onExecute(ec_id)
  File "myCobotAruco.py", line 198, in onExecute
    poseX=self._d_poseIn.data.x
AttributeError: 'TimedPose3D' object has no attribute 'x'

2023-08-24 09:21:09,253 file.ManagerServant INFO Master manager not found
2023-08-24 09:21:19,289 file.ManagerServant INFO Master manager not found
2023-08-24 09:21:29,322 file.ManagerServant INFO Master manager not found
2023-08-24 09:21:39,353 file.ManagerServant INFO Master manager not found
2023-08-24 09:21:41,095 file.ec_worker ERROR State of the RTC is not ACTIVE_STATE.
2023-08-24 09:21:45,675 file.SdoServiceAdmin WARNING No available SDO service in the factory: 
2023-08-24 09:21:45,676 file.SdoServiceAdmin ERROR type  not exists.
2023-08-24 09:21:49,389 file.ManagerServant INFO Master manager not found
