2023-08-23 21:30:16,256 file.manager INFO 2.0.1
2023-08-23 21:30:16,257 file.manager INFO Copyright (C) 2003-2022, Noriaki Ando and OpenRTM development team,
2023-08-23 21:30:16,257 file.manager INFO   Intelligent Systems Research Institute, AIST,
2023-08-23 21:30:16,257 file.manager INFO Copyright (C) 2022, Noriaki Ando and OpenRTM development team,
2023-08-23 21:30:16,257 file.manager INFO   Industrial Cyber-Physical Research Center, AIST,
2023-08-23 21:30:16,257 file.manager INFO   All right reserved.
2023-08-23 21:30:16,257 file.manager INFO Manager starting.
2023-08-23 21:30:16,257 file.manager INFO Starting local logging.
2023-08-23 21:30:16,259 file.manager.namingmanager INFO NameServer connection succeeded: corba/localhost
2023-08-23 21:30:16,265 file.ManagerServant INFO Master manager not found
2023-08-23 21:30:16,266 file.LocalServiceAdmin INFO All the local services are enabled.
2023-08-23 21:30:16,270 file.manager INFO Component type conf file: myCobotAruco.conf loaded.
2023-08-23 21:30:16,271 file.ec_base INFO setRate(1000000.000000) done
2023-08-23 21:30:16,272 file.ec_base INFO setRate(1000.000000) done
2023-08-23 21:30:16,272 file.rtobject INFO 1 execution context was created.
2023-08-23 21:30:16,275 file.rtobject INFO Initial active configuration set is default.
2023-08-23 21:30:26,317 file.ManagerServant INFO Master manager not found
2023-08-23 21:30:36,362 file.ManagerServant INFO Master manager not found
2023-08-23 21:30:46,405 file.ManagerServant INFO Master manager not found
2023-08-23 21:30:56,442 file.ManagerServant INFO Master manager not found
2023-08-23 21:31:06,480 file.ManagerServant INFO Master manager not found
2023-08-23 21:31:16,527 file.ManagerServant INFO Master manager not found
2023-08-23 21:31:26,573 file.ManagerServant INFO Master manager not found
2023-08-23 21:31:36,621 file.ManagerServant INFO Master manager not found
2023-08-23 21:31:46,667 file.ManagerServant INFO Master manager not found
2023-08-23 21:31:56,715 file.ManagerServant INFO Master manager not found
2023-08-23 21:32:06,762 file.ManagerServant INFO Master manager not found
2023-08-23 21:32:16,808 file.ManagerServant INFO Master manager not found
2023-08-23 21:32:26,855 file.ManagerServant INFO Master manager not found
2023-08-23 21:32:36,903 file.ManagerServant INFO Master manager not found
2023-08-23 21:32:46,950 file.ManagerServant INFO Master manager not found
2023-08-23 21:32:56,996 file.ManagerServant INFO Master manager not found
2023-08-23 21:33:07,040 file.ManagerServant INFO Master manager not found
2023-08-23 21:33:17,086 file.ManagerServant INFO Master manager not found
2023-08-23 21:33:27,131 file.ManagerServant INFO Master manager not found
2023-08-23 21:33:37,177 file.ManagerServant INFO Master manager not found
2023-08-23 21:33:47,219 file.ManagerServant INFO Master manager not found
