2023-08-24 09:45:21,387 file.manager INFO 2.0.1
2023-08-24 09:45:21,387 file.manager INFO Copyright (C) 2003-2022, Noriaki Ando and OpenRTM development team,
2023-08-24 09:45:21,387 file.manager INFO   Intelligent Systems Research Institute, AIST,
2023-08-24 09:45:21,387 file.manager INFO Copyright (C) 2022, Noriaki Ando and OpenRTM development team,
2023-08-24 09:45:21,388 file.manager INFO   Industrial Cyber-Physical Research Center, AIST,
2023-08-24 09:45:21,388 file.manager INFO   All right reserved.
2023-08-24 09:45:21,388 file.manager INFO Manager starting.
2023-08-24 09:45:21,388 file.manager INFO Starting local logging.
2023-08-24 09:45:21,391 file.manager.namingmanager INFO NameServer connection succeeded: corba/localhost
2023-08-24 09:45:21,395 file.ManagerServant INFO Master manager not found
2023-08-24 09:45:21,396 file.LocalServiceAdmin INFO All the local services are enabled.
2023-08-24 09:45:21,399 file.manager INFO Component type conf file: myCobotAruco.conf loaded.
2023-08-24 09:45:21,401 file.ec_base INFO setRate(1000000.000000) done
2023-08-24 09:45:21,401 file.ec_base INFO setRate(1000.000000) done
2023-08-24 09:45:21,402 file.rtobject INFO 1 execution context was created.
2023-08-24 09:45:21,404 file.rtobject INFO Initial active configuration set is default.
2023-08-24 09:45:31,453 file.ManagerServant INFO Master manager not found
2023-08-24 09:45:34,364 file.SdoServiceAdmin WARNING No available SDO service in the factory: 
2023-08-24 09:45:34,364 file.SdoServiceAdmin ERROR type  not exists.
2023-08-24 09:45:41,493 file.ManagerServant INFO Master manager not found
2023-08-24 09:45:44,726 file.poseIn WARNING buffer empty
2023-08-24 09:45:44,728 file.rtobject ERROR Traceback (most recent call last):
  File "/usr/lib/python3/dist-packages/OpenRTM_aist/DataFlowComponentBase.py", line 123, in on_execute
    ret = self.onExecute(ec_id)
  File "myCobotAruco.py", line 198, in onExecute
    poseX=self._d_poseIn.data.x
AttributeError: 'TimedPose3D' object has no attribute 'x'

2023-08-24 09:45:44,729 file.ec_base ERROR State of the RTC transitioned to ERROR_STATE.
2023-08-24 09:45:51,530 file.ManagerServant INFO Master manager not found
