2023-08-24 09:46:44,340 file.manager INFO 2.0.1
2023-08-24 09:46:44,340 file.manager INFO Copyright (C) 2003-2022, Noriaki Ando and OpenRTM development team,
2023-08-24 09:46:44,340 file.manager INFO   Intelligent Systems Research Institute, AIST,
2023-08-24 09:46:44,340 file.manager INFO Copyright (C) 2022, Noriaki Ando and OpenRTM development team,
2023-08-24 09:46:44,340 file.manager INFO   Industrial Cyber-Physical Research Center, AIST,
2023-08-24 09:46:44,340 file.manager INFO   All right reserved.
2023-08-24 09:46:44,340 file.manager INFO Manager starting.
2023-08-24 09:46:44,341 file.manager INFO Starting local logging.
2023-08-24 09:46:44,343 file.manager.namingmanager INFO NameServer connection succeeded: corba/localhost
2023-08-24 09:46:44,347 file.ManagerServant INFO Master manager not found
2023-08-24 09:46:44,348 file.LocalServiceAdmin INFO All the local services are enabled.
2023-08-24 09:46:44,351 file.manager INFO Component type conf file: myCobotAruco.conf loaded.
2023-08-24 09:46:44,353 file.ec_base INFO setRate(1000000.000000) done
2023-08-24 09:46:44,353 file.ec_base INFO setRate(1000.000000) done
2023-08-24 09:46:44,353 file.rtobject INFO 1 execution context was created.
2023-08-24 09:46:44,355 file.rtobject INFO Initial active configuration set is default.
2023-08-24 09:46:54,398 file.ManagerServant INFO Master manager not found
2023-08-24 09:47:04,438 file.ManagerServant INFO Master manager not found
2023-08-24 09:47:08,602 file.poseIn WARNING buffer empty
2023-08-24 09:47:08,604 file.rtobject ERROR Traceback (most recent call last):
  File "/usr/lib/python3/dist-packages/OpenRTM_aist/DataFlowComponentBase.py", line 123, in on_execute
    ret = self.onExecute(ec_id)
  File "myCobotAruco.py", line 198, in onExecute
    poseX=self._d_poseIn.data.position.x
AttributeError: 'TimedPose3D' object has no attribute 'position'

2023-08-24 09:47:14,475 file.ManagerServant INFO Master manager not found
