2023-08-24 09:52:41,113 file.manager INFO 2.0.1
2023-08-24 09:52:41,113 file.manager INFO Copyright (C) 2003-2022, Noriaki Ando and OpenRTM development team,
2023-08-24 09:52:41,114 file.manager INFO   Intelligent Systems Research Institute, AIST,
2023-08-24 09:52:41,114 file.manager INFO Copyright (C) 2022, Noriaki Ando and OpenRTM development team,
2023-08-24 09:52:41,114 file.manager INFO   Industrial Cyber-Physical Research Center, AIST,
2023-08-24 09:52:41,114 file.manager INFO   All right reserved.
2023-08-24 09:52:41,114 file.manager INFO Manager starting.
2023-08-24 09:52:41,114 file.manager INFO Starting local logging.
2023-08-24 09:52:41,116 file.manager.namingmanager INFO NameServer connection succeeded: corba/localhost
2023-08-24 09:52:41,121 file.ManagerServant INFO Master manager not found
2023-08-24 09:52:41,122 file.LocalServiceAdmin INFO All the local services are enabled.
2023-08-24 09:52:41,125 file.manager INFO Component type conf file: myCobotAruco.conf loaded.
2023-08-24 09:52:41,126 file.ec_base INFO setRate(1000000.000000) done
2023-08-24 09:52:41,126 file.ec_base INFO setRate(1000.000000) done
2023-08-24 09:52:41,127 file.rtobject INFO 1 execution context was created.
2023-08-24 09:52:41,130 file.rtobject INFO Initial active configuration set is default.
2023-08-24 09:52:51,169 file.ManagerServant INFO Master manager not found
2023-08-24 09:52:55,131 file.poseIn WARNING buffer empty
2023-08-24 09:52:55,133 file.poseIn WARNING buffer empty
2023-08-24 09:52:55,134 file.poseIn WARNING buffer empty
2023-08-24 09:52:55,135 file.poseIn WARNING buffer empty
2023-08-24 09:52:55,136 file.poseIn WARNING buffer empty
2023-08-24 09:53:01,210 file.ManagerServant INFO Master manager not found
2023-08-24 09:53:11,252 file.ManagerServant INFO Master manager not found
2023-08-24 09:53:21,291 file.ManagerServant INFO Master manager not found
2023-08-24 09:53:31,335 file.ManagerServant INFO Master manager not found
2023-08-24 09:53:41,379 file.ManagerServant INFO Master manager not found
