2023-08-24 09:57:46,862 file.manager INFO 2.0.1
2023-08-24 09:57:46,862 file.manager INFO Copyright (C) 2003-2022, Noriaki Ando and OpenRTM development team,
2023-08-24 09:57:46,862 file.manager INFO   Intelligent Systems Research Institute, AIST,
2023-08-24 09:57:46,862 file.manager INFO Copyright (C) 2022, Noriaki Ando and OpenRTM development team,
2023-08-24 09:57:46,862 file.manager INFO   Industrial Cyber-Physical Research Center, AIST,
2023-08-24 09:57:46,862 file.manager INFO   All right reserved.
2023-08-24 09:57:46,862 file.manager INFO Manager starting.
2023-08-24 09:57:46,862 file.manager INFO Starting local logging.
2023-08-24 09:57:46,864 file.manager.namingmanager INFO NameServer connection succeeded: corba/localhost
2023-08-24 09:57:46,869 file.ManagerServant INFO Master manager not found
2023-08-24 09:57:46,870 file.LocalServiceAdmin INFO All the local services are enabled.
2023-08-24 09:57:46,875 file.manager INFO Component type conf file: myCobotAruco.conf loaded.
2023-08-24 09:57:46,876 file.ec_base INFO setRate(1000000.000000) done
2023-08-24 09:57:46,876 file.ec_base INFO setRate(1000.000000) done
2023-08-24 09:57:46,877 file.rtobject INFO 1 execution context was created.
2023-08-24 09:57:46,879 file.rtobject INFO Initial active configuration set is default.
2023-08-24 09:57:56,925 file.ManagerServant INFO Master manager not found
2023-08-24 09:58:04,861 file.poseIn WARNING buffer empty
2023-08-24 09:58:04,863 file.poseIn WARNING buffer empty
2023-08-24 09:58:04,864 file.poseIn WARNING buffer empty
2023-08-24 09:58:04,865 file.poseIn WARNING buffer empty
2023-08-24 09:58:04,866 file.poseIn WARNING buffer empty
2023-08-24 09:58:04,867 file.poseIn WARNING buffer empty
2023-08-24 09:58:04,868 file.poseIn WARNING buffer empty
2023-08-24 09:58:05,736 file.ec_worker ERROR State of the RTC is not INACTIVE_STATE.
2023-08-24 09:58:06,973 file.ManagerServant INFO Master manager not found
2023-08-24 09:58:17,025 file.ManagerServant INFO Master manager not found
2023-08-24 09:58:27,073 file.ManagerServant INFO Master manager not found
2023-08-24 09:58:37,136 file.ManagerServant INFO Master manager not found
2023-08-24 09:58:47,184 file.ManagerServant INFO Master manager not found
2023-08-24 09:58:57,239 file.ManagerServant INFO Master manager not found
2023-08-24 09:59:07,304 file.ManagerServant INFO Master manager not found
