2023-08-24 09:54:20,865 file.manager INFO 2.0.1
2023-08-24 09:54:20,866 file.manager INFO Copyright (C) 2003-2022, Noriaki Ando and OpenRTM development team,
2023-08-24 09:54:20,866 file.manager INFO   Intelligent Systems Research Institute, AIST,
2023-08-24 09:54:20,866 file.manager INFO Copyright (C) 2022, Noriaki Ando and OpenRTM development team,
2023-08-24 09:54:20,866 file.manager INFO   Industrial Cyber-Physical Research Center, AIST,
2023-08-24 09:54:20,866 file.manager INFO   All right reserved.
2023-08-24 09:54:20,866 file.manager INFO Manager starting.
2023-08-24 09:54:20,866 file.manager INFO Starting local logging.
2023-08-24 09:54:20,868 file.manager.namingmanager INFO NameServer connection succeeded: corba/localhost
2023-08-24 09:54:20,872 file.ManagerServant INFO Master manager not found
2023-08-24 09:54:20,873 file.LocalServiceAdmin INFO All the local services are enabled.
2023-08-24 09:54:20,878 file.manager INFO Component type conf file: myCobotAruco.conf loaded.
2023-08-24 09:54:20,880 file.ec_base INFO setRate(1000000.000000) done
2023-08-24 09:54:20,880 file.ec_base INFO setRate(1000.000000) done
2023-08-24 09:54:20,881 file.rtobject INFO 1 execution context was created.
2023-08-24 09:54:20,885 file.rtobject INFO Initial active configuration set is default.
2023-08-24 09:54:27,921 file.SdoServiceAdmin WARNING No available SDO service in the factory: 
2023-08-24 09:54:27,921 file.SdoServiceAdmin ERROR type  not exists.
2023-08-24 09:54:30,927 file.ManagerServant INFO Master manager not found
2023-08-24 09:54:38,237 file.poseIn WARNING buffer empty
2023-08-24 09:54:38,238 file.poseIn WARNING buffer empty
2023-08-24 09:54:38,239 file.poseIn WARNING buffer empty
2023-08-24 09:54:38,240 file.poseIn WARNING buffer empty
2023-08-24 09:54:38,241 file.poseIn WARNING buffer empty
2023-08-24 09:54:38,243 file.poseIn WARNING buffer empty
2023-08-24 09:54:40,967 file.ManagerServant INFO Master manager not found
2023-08-24 09:54:51,022 file.ManagerServant INFO Master manager not found
2023-08-24 09:55:01,070 file.ManagerServant INFO Master manager not found
2023-08-24 09:55:11,118 file.ManagerServant INFO Master manager not found
