2023-08-24 09:47:58,658 file.manager INFO 2.0.1
2023-08-24 09:47:58,658 file.manager INFO Copyright (C) 2003-2022, Noriaki Ando and OpenRTM development team,
2023-08-24 09:47:58,658 file.manager INFO   Intelligent Systems Research Institute, AIST,
2023-08-24 09:47:58,658 file.manager INFO Copyright (C) 2022, Noriaki Ando and OpenRTM development team,
2023-08-24 09:47:58,658 file.manager INFO   Industrial Cyber-Physical Research Center, AIST,
2023-08-24 09:47:58,658 file.manager INFO   All right reserved.
2023-08-24 09:47:58,658 file.manager INFO Manager starting.
2023-08-24 09:47:58,658 file.manager INFO Starting local logging.
2023-08-24 09:47:58,660 file.manager.namingmanager INFO NameServer connection succeeded: corba/localhost
2023-08-24 09:47:58,665 file.ManagerServant INFO Master manager not found
2023-08-24 09:47:58,666 file.LocalServiceAdmin INFO All the local services are enabled.
2023-08-24 09:47:58,669 file.manager INFO Component type conf file: myCobotAruco.conf loaded.
2023-08-24 09:47:58,670 file.ec_base INFO setRate(1000000.000000) done
2023-08-24 09:47:58,670 file.ec_base INFO setRate(1000.000000) done
2023-08-24 09:47:58,671 file.rtobject INFO 1 execution context was created.
2023-08-24 09:47:58,673 file.rtobject INFO Initial active configuration set is default.
2023-08-24 09:48:08,715 file.ManagerServant INFO Master manager not found
2023-08-24 09:48:09,151 file.poseIn WARNING buffer empty
2023-08-24 09:48:09,152 file.poseIn WARNING buffer empty
2023-08-24 09:48:09,153 file.poseIn WARNING buffer empty
2023-08-24 09:48:09,154 file.poseIn WARNING buffer empty
2023-08-24 09:48:09,155 file.poseIn WARNING buffer empty
