2023-08-24 10:05:07,102 file.manager INFO 2.0.1
2023-08-24 10:05:07,102 file.manager INFO Copyright (C) 2003-2022, Noriaki Ando and OpenRTM development team,
2023-08-24 10:05:07,102 file.manager INFO   Intelligent Systems Research Institute, AIST,
2023-08-24 10:05:07,103 file.manager INFO Copyright (C) 2022, Noriaki Ando and OpenRTM development team,
2023-08-24 10:05:07,103 file.manager INFO   Industrial Cyber-Physical Research Center, AIST,
2023-08-24 10:05:07,103 file.manager INFO   All right reserved.
2023-08-24 10:05:07,103 file.manager INFO Manager starting.
2023-08-24 10:05:07,103 file.manager INFO Starting local logging.
2023-08-24 10:05:07,105 file.manager.namingmanager INFO NameServer connection succeeded: corba/localhost
2023-08-24 10:05:07,109 file.ManagerServant INFO Master manager not found
2023-08-24 10:05:07,110 file.LocalServiceAdmin INFO All the local services are enabled.
2023-08-24 10:05:07,114 file.manager INFO Component type conf file: myCobotAruco.conf loaded.
2023-08-24 10:05:07,115 file.ec_base INFO setRate(1000000.000000) done
2023-08-24 10:05:07,115 file.ec_base INFO setRate(1000.000000) done
2023-08-24 10:05:07,116 file.rtobject INFO 1 execution context was created.
2023-08-24 10:05:07,118 file.rtobject INFO Initial active configuration set is default.
2023-08-24 10:05:14,910 file.SdoServiceAdmin WARNING No available SDO service in the factory: 
2023-08-24 10:05:14,911 file.SdoServiceAdmin ERROR type  not exists.
2023-08-24 10:05:17,158 file.ManagerServant INFO Master manager not found
2023-08-24 10:05:27,200 file.ManagerServant INFO Master manager not found
2023-08-24 10:05:34,250 file.ec_worker ERROR State of the RTC is not INACTIVE_STATE.
2023-08-24 10:05:37,240 file.ManagerServant INFO Master manager not found
2023-08-24 10:05:47,290 file.ManagerServant INFO Master manager not found
2023-08-24 10:05:57,345 file.ManagerServant INFO Master manager not found
2023-08-24 10:06:07,396 file.ManagerServant INFO Master manager not found
2023-08-24 10:06:17,449 file.ManagerServant INFO Master manager not found
2023-08-24 10:06:27,488 file.ManagerServant INFO Master manager not found
2023-08-24 10:06:37,529 file.ManagerServant INFO Master manager not found
2023-08-24 10:06:47,571 file.ManagerServant INFO Master manager not found
2023-08-24 10:06:57,609 file.ManagerServant INFO Master manager not found
2023-08-24 10:07:07,650 file.ManagerServant INFO Master manager not found
2023-08-24 10:07:17,695 file.ManagerServant INFO Master manager not found
2023-08-24 10:07:27,736 file.ManagerServant INFO Master manager not found
2023-08-24 10:07:37,776 file.ManagerServant INFO Master manager not found
2023-08-24 10:07:47,818 file.ManagerServant INFO Master manager not found
2023-08-24 10:07:57,861 file.ManagerServant INFO Master manager not found
2023-08-24 10:08:07,901 file.ManagerServant INFO Master manager not found
2023-08-24 10:08:17,943 file.ManagerServant INFO Master manager not found
2023-08-24 10:08:27,985 file.ManagerServant INFO Master manager not found
2023-08-24 10:08:38,027 file.ManagerServant INFO Master manager not found
2023-08-24 10:08:48,069 file.ManagerServant INFO Master manager not found
2023-08-24 10:08:58,115 file.ManagerServant INFO Master manager not found
2023-08-24 10:09:08,156 file.ManagerServant INFO Master manager not found
2023-08-24 10:09:18,197 file.ManagerServant INFO Master manager not found
2023-08-24 10:09:28,236 file.ManagerServant INFO Master manager not found
2023-08-24 10:09:38,276 file.ManagerServant INFO Master manager not found
2023-08-24 10:09:48,316 file.ManagerServant INFO Master manager not found
2023-08-24 10:09:58,351 file.ManagerServant INFO Master manager not found
