2023-08-24 10:17:29,091 file.manager INFO 2.0.1
2023-08-24 10:17:29,092 file.manager INFO Copyright (C) 2003-2022, Noriaki Ando and OpenRTM development team,
2023-08-24 10:17:29,092 file.manager INFO   Intelligent Systems Research Institute, AIST,
2023-08-24 10:17:29,092 file.manager INFO Copyright (C) 2022, Noriaki Ando and OpenRTM development team,
2023-08-24 10:17:29,092 file.manager INFO   Industrial Cyber-Physical Research Center, AIST,
2023-08-24 10:17:29,092 file.manager INFO   All right reserved.
2023-08-24 10:17:29,092 file.manager INFO Manager starting.
2023-08-24 10:17:29,092 file.manager INFO Starting local logging.
2023-08-24 10:17:29,094 file.manager.namingmanager INFO NameServer connection succeeded: corba/localhost
2023-08-24 10:17:29,098 file.ManagerServant INFO Master manager not found
2023-08-24 10:17:29,099 file.LocalServiceAdmin INFO All the local services are enabled.
2023-08-24 10:17:29,102 file.manager INFO Component type conf file: myCobotAruco.conf loaded.
2023-08-24 10:17:29,104 file.ec_base INFO setRate(1000000.000000) done
2023-08-24 10:17:29,104 file.ec_base INFO setRate(1000.000000) done
2023-08-24 10:17:29,104 file.rtobject INFO 1 execution context was created.
2023-08-24 10:17:29,106 file.rtobject INFO Initial active configuration set is default.
2023-08-24 10:17:39,149 file.ManagerServant INFO Master manager not found
2023-08-24 10:17:41,277 file.rtobject ERROR Traceback (most recent call last):
  File "/usr/lib/python3/dist-packages/OpenRTM_aist/DataFlowComponentBase.py", line 123, in on_execute
    ret = self.onExecute(ec_id)
  File "myCobotAruco.py", line 203, in onExecute
    print(self._d_poseIn.data.position.x)
AttributeError: 'TimedPose3D' object has no attribute 'position'

2023-08-24 10:17:49,186 file.ManagerServant INFO Master manager not found
2023-08-24 10:17:59,222 file.ManagerServant INFO Master manager not found
2023-08-24 10:18:09,258 file.ManagerServant INFO Master manager not found
2023-08-24 10:18:19,296 file.ManagerServant INFO Master manager not found
2023-08-24 10:18:29,340 file.ManagerServant INFO Master manager not found
2023-08-24 10:18:39,378 file.ManagerServant INFO Master manager not found
2023-08-24 10:18:49,412 file.ManagerServant INFO Master manager not found
2023-08-24 10:18:59,447 file.ManagerServant INFO Master manager not found
