2023-08-24 10:14:42,341 file.manager INFO 2.0.1
2023-08-24 10:14:42,341 file.manager INFO Copyright (C) 2003-2022, Noriaki Ando and OpenRTM development team,
2023-08-24 10:14:42,341 file.manager INFO   Intelligent Systems Research Institute, AIST,
2023-08-24 10:14:42,341 file.manager INFO Copyright (C) 2022, Noriaki Ando and OpenRTM development team,
2023-08-24 10:14:42,342 file.manager INFO   Industrial Cyber-Physical Research Center, AIST,
2023-08-24 10:14:42,342 file.manager INFO   All right reserved.
2023-08-24 10:14:42,342 file.manager INFO Manager starting.
2023-08-24 10:14:42,342 file.manager INFO Starting local logging.
2023-08-24 10:14:42,344 file.manager.namingmanager INFO NameServer connection succeeded: corba/localhost
2023-08-24 10:14:42,348 file.ManagerServant INFO Master manager not found
2023-08-24 10:14:42,349 file.LocalServiceAdmin INFO All the local services are enabled.
2023-08-24 10:14:42,353 file.manager INFO Component type conf file: myCobotAruco.conf loaded.
2023-08-24 10:14:42,355 file.ec_base INFO setRate(1000000.000000) done
2023-08-24 10:14:42,356 file.ec_base INFO setRate(1000.000000) done
2023-08-24 10:14:42,356 file.rtobject INFO 1 execution context was created.
2023-08-24 10:14:42,360 file.rtobject INFO Initial active configuration set is default.
2023-08-24 10:14:52,400 file.ManagerServant INFO Master manager not found
2023-08-24 10:14:56,598 file.rtobject ERROR Traceback (most recent call last):
  File "/usr/lib/python3/dist-packages/OpenRTM_aist/DataFlowComponentBase.py", line 123, in on_execute
    ret = self.onExecute(ec_id)
  File "myCobotAruco.py", line 203, in onExecute
    poseX=self._d_poseIn.data.position.x
AttributeError: 'TimedPose3D' object has no attribute 'position'

2023-08-24 10:15:02,437 file.ManagerServant INFO Master manager not found
2023-08-24 10:15:12,475 file.ManagerServant INFO Master manager not found
2023-08-24 10:15:22,509 file.ManagerServant INFO Master manager not found
