2023-08-24 10:21:43,052 file.manager INFO 2.0.1
2023-08-24 10:21:43,052 file.manager INFO Copyright (C) 2003-2022, Noriaki Ando and OpenRTM development team,
2023-08-24 10:21:43,052 file.manager INFO   Intelligent Systems Research Institute, AIST,
2023-08-24 10:21:43,052 file.manager INFO Copyright (C) 2022, Noriaki Ando and OpenRTM development team,
2023-08-24 10:21:43,052 file.manager INFO   Industrial Cyber-Physical Research Center, AIST,
2023-08-24 10:21:43,052 file.manager INFO   All right reserved.
2023-08-24 10:21:43,052 file.manager INFO Manager starting.
2023-08-24 10:21:43,053 file.manager INFO Starting local logging.
2023-08-24 10:21:43,055 file.manager.namingmanager INFO NameServer connection succeeded: corba/localhost
2023-08-24 10:21:43,060 file.ManagerServant INFO Master manager not found
2023-08-24 10:21:43,061 file.LocalServiceAdmin INFO All the local services are enabled.
2023-08-24 10:21:43,065 file.manager INFO Component type conf file: myCobotAruco.conf loaded.
2023-08-24 10:21:43,066 file.ec_base INFO setRate(1000000.000000) done
2023-08-24 10:21:43,067 file.ec_base INFO setRate(1000.000000) done
2023-08-24 10:21:43,067 file.rtobject INFO 1 execution context was created.
2023-08-24 10:21:43,069 file.rtobject INFO Initial active configuration set is default.
2023-08-24 10:21:53,110 file.ManagerServant INFO Master manager not found
2023-08-24 10:21:56,253 file.rtobject ERROR Traceback (most recent call last):
  File "/usr/lib/python3/dist-packages/OpenRTM_aist/DataFlowComponentBase.py", line 123, in on_execute
    ret = self.onExecute(ec_id)
  File "myCobotAruco.py", line 204, in onExecute
    poseX=self._d_poseIn.data.position.x
AttributeError: 'TimedPose3D' object has no attribute 'position'

2023-08-24 10:22:03,147 file.ManagerServant INFO Master manager not found
2023-08-24 10:22:13,184 file.ManagerServant INFO Master manager not found
2023-08-24 10:22:23,218 file.ManagerServant INFO Master manager not found
2023-08-24 10:22:33,257 file.ManagerServant INFO Master manager not found
2023-08-24 10:22:43,293 file.ManagerServant INFO Master manager not found
2023-08-24 10:22:53,328 file.ManagerServant INFO Master manager not found
2023-08-24 10:23:03,363 file.ManagerServant INFO Master manager not found
2023-08-24 10:23:13,398 file.ManagerServant INFO Master manager not found
