2023-08-24 10:28:39,577 file.manager INFO 2.0.1
2023-08-24 10:28:39,577 file.manager INFO Copyright (C) 2003-2022, Noriaki Ando and OpenRTM development team,
2023-08-24 10:28:39,577 file.manager INFO   Intelligent Systems Research Institute, AIST,
2023-08-24 10:28:39,577 file.manager INFO Copyright (C) 2022, Noriaki Ando and OpenRTM development team,
2023-08-24 10:28:39,577 file.manager INFO   Industrial Cyber-Physical Research Center, AIST,
2023-08-24 10:28:39,577 file.manager INFO   All right reserved.
2023-08-24 10:28:39,577 file.manager INFO Manager starting.
2023-08-24 10:28:39,577 file.manager INFO Starting local logging.
2023-08-24 10:28:39,579 file.manager.namingmanager INFO NameServer connection succeeded: corba/localhost
2023-08-24 10:28:39,583 file.ManagerServant INFO Master manager not found
2023-08-24 10:28:39,584 file.LocalServiceAdmin INFO All the local services are enabled.
2023-08-24 10:28:39,588 file.manager INFO Component type conf file: myCobotAruco.conf loaded.
2023-08-24 10:28:39,589 file.ec_base INFO setRate(1000000.000000) done
2023-08-24 10:28:39,589 file.ec_base INFO setRate(1000.000000) done
2023-08-24 10:28:39,590 file.rtobject INFO 1 execution context was created.
2023-08-24 10:28:39,592 file.rtobject INFO Initial active configuration set is default.
2023-08-24 10:28:49,634 file.ManagerServant INFO Master manager not found
2023-08-24 10:28:54,731 file.rtobject ERROR Traceback (most recent call last):
  File "/usr/lib/python3/dist-packages/OpenRTM_aist/DataFlowComponentBase.py", line 123, in on_execute
    ret = self.onExecute(ec_id)
  File "myCobotAruco.py", line 202, in onExecute
    print(self._d_poseIn.data.position.x)
AttributeError: 'TimedPose3D' object has no attribute 'position'

2023-08-24 10:28:59,672 file.ManagerServant INFO Master manager not found
2023-08-24 10:29:09,708 file.ManagerServant INFO Master manager not found
2023-08-24 10:29:19,744 file.ManagerServant INFO Master manager not found
2023-08-24 10:29:29,780 file.ManagerServant INFO Master manager not found
2023-08-24 10:29:39,818 file.ManagerServant INFO Master manager not found
2023-08-24 10:29:49,853 file.ManagerServant INFO Master manager not found
2023-08-24 10:29:59,892 file.ManagerServant INFO Master manager not found
2023-08-24 10:30:09,927 file.ManagerServant INFO Master manager not found
2023-08-24 10:30:19,966 file.ManagerServant INFO Master manager not found
