2023-08-24 10:25:46,006 file.manager INFO 2.0.1
2023-08-24 10:25:46,006 file.manager INFO Copyright (C) 2003-2022, Noriaki Ando and OpenRTM development team,
2023-08-24 10:25:46,006 file.manager INFO   Intelligent Systems Research Institute, AIST,
2023-08-24 10:25:46,006 file.manager INFO Copyright (C) 2022, Noriaki Ando and OpenRTM development team,
2023-08-24 10:25:46,007 file.manager INFO   Industrial Cyber-Physical Research Center, AIST,
2023-08-24 10:25:46,007 file.manager INFO   All right reserved.
2023-08-24 10:25:46,007 file.manager INFO Manager starting.
2023-08-24 10:25:46,007 file.manager INFO Starting local logging.
2023-08-24 10:25:46,009 file.manager.namingmanager INFO NameServer connection succeeded: corba/localhost
2023-08-24 10:25:46,014 file.ManagerServant INFO Master manager not found
2023-08-24 10:25:46,015 file.LocalServiceAdmin INFO All the local services are enabled.
2023-08-24 10:25:46,019 file.manager INFO Component type conf file: myCobotAruco.conf loaded.
2023-08-24 10:25:46,020 file.ec_base INFO setRate(1000000.000000) done
2023-08-24 10:25:46,021 file.ec_base INFO setRate(1000.000000) done
2023-08-24 10:25:46,021 file.rtobject INFO 1 execution context was created.
2023-08-24 10:25:46,024 file.rtobject INFO Initial active configuration set is default.
2023-08-24 10:25:56,061 file.ManagerServant INFO Master manager not found
2023-08-24 10:25:56,374 file.rtobject ERROR Traceback (most recent call last):
  File "/usr/lib/python3/dist-packages/OpenRTM_aist/DataFlowComponentBase.py", line 123, in on_execute
    ret = self.onExecute(ec_id)
  File "myCobotAruco.py", line 202, in onExecute
    print(self._d_poseIn.data.position)
AttributeError: 'TimedPose3D' object has no attribute 'position'

2023-08-24 10:26:06,094 file.ManagerServant INFO Master manager not found
